nohup: ignoring input

> rentcredit-backend@0.0.1 start:dev
> nest start --watch

[2J[3J[H[[90m6:23:29 PM[0m] Starting compilation in watch mode...

[[90m6:23:31 PM[0m] Found 0 errors. Watching for file changes.

[dotenv@17.3.1] injecting env (11) from .env -- tip: 🛡️ auth for agents: https://vestauth.com
[dotenv@17.3.1] injecting env (0) from .env -- tip: 🔐 prevent committing .env to code: https://dotenvx.com/precommit
[dotenv@17.3.1] injecting env (0) from .env -- tip: 🔐 prevent committing .env to code: https://dotenvx.com/precommit
[32m[Nest] 18994  - [39m03/04/2026, 6:23:32 PM [32m    LOG[39m [38;5;3m[NestFactory] [39m[32mStarting Nest application...[39m
[32m[Nest] 18994  - [39m03/04/2026, 6:23:32 PM [32m    LOG[39m [38;5;3m[InstanceLoader] [39m[32mTypeOrmModule dependencies initialized[39m[38;5;3m +56ms[39m
[32m[Nest] 18994  - [39m03/04/2026, 6:23:32 PM [32m    LOG[39m [38;5;3m[InstanceLoader] [39m[32mPassportModule dependencies initialized[39m[38;5;3m +0ms[39m
[32m[Nest] 18994  - [39m03/04/2026, 6:23:32 PM [32m    LOG[39m [38;5;3m[InstanceLoader] [39m[32mJwtModule dependencies initialized[39m[38;5;3m +0ms[39m
[32m[Nest] 18994  - [39m03/04/2026, 6:23:32 PM [32m    LOG[39m [38;5;3m[InstanceLoader] [39m[32mAppModule dependencies initialized[39m[38;5;3m +1ms[39m
(node:18994) DeprecationWarning: Calling client.query() when the client is already executing a query is deprecated and will be removed in pg@9.0. Use asycn/await or an external async flow control mechanism instead.
(Use `node --trace-deprecation ...` to show where the warning was created)
[32m[Nest] 18994  - [39m03/04/2026, 6:23:33 PM [32m    LOG[39m [38;5;3m[InstanceLoader] [39m[32mTypeOrmCoreModule dependencies initialized[39m[38;5;3m +65ms[39m
[32m[Nest] 18994  - [39m03/04/2026, 6:23:33 PM [32m    LOG[39m [38;5;3m[InstanceLoader] [39m[32mTypeOrmModule dependencies initialized[39m[38;5;3m +0ms[39m
[32m[Nest] 18994  - [39m03/04/2026, 6:23:33 PM [32m    LOG[39m [38;5;3m[InstanceLoader] [39m[32mTypeOrmModule dependencies initialized[39m[38;5;3m +0ms[39m
[32m[Nest] 18994  - [39m03/04/2026, 6:23:33 PM [32m    LOG[39m [38;5;3m[InstanceLoader] [39m[32mTypeOrmModule dependencies initialized[39m[38;5;3m +0ms[39m
[32m[Nest] 18994  - [39m03/04/2026, 6:23:33 PM [32m    LOG[39m [38;5;3m[InstanceLoader] [39m[32mTypeOrmModule dependencies initialized[39m[38;5;3m +0ms[39m
[32m[Nest] 18994  - [39m03/04/2026, 6:23:33 PM [32m    LOG[39m [38;5;3m[InstanceLoader] [39m[32mTypeOrmModule dependencies initialized[39m[38;5;3m +0ms[39m
[32m[Nest] 18994  - [39m03/04/2026, 6:23:33 PM [32m    LOG[39m [38;5;3m[InstanceLoader] [39m[32mTypeOrmModule dependencies initialized[39m[38;5;3m +0ms[39m
[32m[Nest] 18994  - [39m03/04/2026, 6:23:33 PM [32m    LOG[39m [38;5;3m[InstanceLoader] [39m[32mUsersModule dependencies initialized[39m[38;5;3m +1ms[39m
[32m[Nest] 18994  - [39m03/04/2026, 6:23:33 PM [32m    LOG[39m [38;5;3m[InstanceLoader] [39m[32mKycModule dependencies initialized[39m[38;5;3m +0ms[39m
[32m[Nest] 18994  - [39m03/04/2026, 6:23:33 PM [32m    LOG[39m [38;5;3m[InstanceLoader] [39m[32mPaymentsModule dependencies initialized[39m[38;5;3m +0ms[39m
[32m[Nest] 18994  - [39m03/04/2026, 6:23:33 PM [32m    LOG[39m [38;5;3m[InstanceLoader] [39m[32mPropertiesModule dependencies initialized[39m[38;5;3m +0ms[39m
[32m[Nest] 18994  - [39m03/04/2026, 6:23:33 PM [32m    LOG[39m [38;5;3m[InstanceLoader] [39m[32mTenantsModule dependencies initialized[39m[38;5;3m +0ms[39m
[32m[Nest] 18994  - [39m03/04/2026, 6:23:33 PM [32m    LOG[39m [38;5;3m[InstanceLoader] [39m[32mAuthModule dependencies initialized[39m[38;5;3m +0ms[39m
[32m[Nest] 18994  - [39m03/04/2026, 6:23:33 PM [32m    LOG[39m [38;5;3m[RoutesResolver] [39m[32mAppController {/}:[39m[38;5;3m +23ms[39m
[32m[Nest] 18994  - [39m03/04/2026, 6:23:33 PM [32m    LOG[39m [38;5;3m[RouterExplorer] [39m[32mMapped {/, GET} route[39m[38;5;3m +2ms[39m
[32m[Nest] 18994  - [39m03/04/2026, 6:23:33 PM [32m    LOG[39m [38;5;3m[RoutesResolver] [39m[32mAuthController {/auth}:[39m[38;5;3m +0ms[39m
[32m[Nest] 18994  - [39m03/04/2026, 6:23:33 PM [32m    LOG[39m [38;5;3m[RouterExplorer] [39m[32mMapped {/auth/signup, POST} route[39m[38;5;3m +1ms[39m
[32m[Nest] 18994  - [39m03/04/2026, 6:23:33 PM [32m    LOG[39m [38;5;3m[RouterExplorer] [39m[32mMapped {/auth/login, POST} route[39m[38;5;3m +0ms[39m
[32m[Nest] 18994  - [39m03/04/2026, 6:23:33 PM [32m    LOG[39m [38;5;3m[RouterExplorer] [39m[32mMapped {/auth/switch-role, POST} route[39m[38;5;3m +1ms[39m
[32m[Nest] 18994  - [39m03/04/2026, 6:23:33 PM [32m    LOG[39m [38;5;3m[RouterExplorer] [39m[32mMapped {/auth/me, GET} route[39m[38;5;3m +0ms[39m
[32m[Nest] 18994  - [39m03/04/2026, 6:23:33 PM [32m    LOG[39m [38;5;3m[RoutesResolver] [39m[32mUsersController {/users}:[39m[38;5;3m +0ms[39m
[32m[Nest] 18994  - [39m03/04/2026, 6:23:33 PM [32m    LOG[39m [38;5;3m[RouterExplorer] [39m[32mMapped {/users/profile, GET} route[39m[38;5;3m +1ms[39m
[32m[Nest] 18994  - [39m03/04/2026, 6:23:33 PM [32m    LOG[39m [38;5;3m[RouterExplorer] [39m[32mMapped {/users/profile, PUT} route[39m[38;5;3m +0ms[39m
[32m[Nest] 18994  - [39m03/04/2026, 6:23:33 PM [32m    LOG[39m [38;5;3m[RouterExplorer] [39m[32mMapped {/users, GET} route[39m[38;5;3m +0ms[39m
[32m[Nest] 18994  - [39m03/04/2026, 6:23:33 PM [32m    LOG[39m [38;5;3m[RouterExplorer] [39m[32mMapped {/users/:id, GET} route[39m[38;5;3m +1ms[39m
[32m[Nest] 18994  - [39m03/04/2026, 6:23:33 PM [32m    LOG[39m [38;5;3m[RoutesResolver] [39m[32mKycController {/kyc}:[39m[38;5;3m +0ms[39m
[32m[Nest] 18994  - [39m03/04/2026, 6:23:33 PM [32m    LOG[39m [38;5;3m[RouterExplorer] [39m[32mMapped {/kyc/upload, POST} route[39m[38;5;3m +0ms[39m
[32m[Nest] 18994  - [39m03/04/2026, 6:23:33 PM [32m    LOG[39m [38;5;3m[RouterExplorer] [39m[32mMapped {/kyc/status, GET} route[39m[38;5;3m +1ms[39m
[32m[Nest] 18994  - [39m03/04/2026, 6:23:33 PM [32m    LOG[39m [38;5;3m[RouterExplorer] [39m[32mMapped {/kyc/pending, GET} route[39m[38;5;3m +0ms[39m
[32m[Nest] 18994  - [39m03/04/2026, 6:23:33 PM [32m    LOG[39m [38;5;3m[RouterExplorer] [39m[32mMapped {/kyc/verify/:kycId, PUT} route[39m[38;5;3m +0ms[39m
[32m[Nest] 18994  - [39m03/04/2026, 6:23:33 PM [32m    LOG[39m [38;5;3m[RoutesResolver] [39m[32mPaymentsController {/payments}:[39m[38;5;3m +1ms[39m
[32m[Nest] 18994  - [39m03/04/2026, 6:23:33 PM [32m    LOG[39m [38;5;3m[RouterExplorer] [39m[32mMapped {/payments, POST} route[39m[38;5;3m +0ms[39m
[32m[Nest] 18994  - [39m03/04/2026, 6:23:33 PM [32m    LOG[39m [38;5;3m[RouterExplorer] [39m[32mMapped {/payments/:paymentId/record, POST} route[39m[38;5;3m +0ms[39m
[32m[Nest] 18994  - [39m03/04/2026, 6:23:33 PM [32m    LOG[39m [38;5;3m[RouterExplorer] [39m[32mMapped {/payments/tenant, GET} route[39m[38;5;3m +0ms[39m
[32m[Nest] 18994  - [39m03/04/2026, 6:23:33 PM [32m    LOG[39m [38;5;3m[RouterExplorer] [39m[32mMapped {/payments/property/:propertyId, GET} route[39m[38;5;3m +0ms[39m
[32m[Nest] 18994  - [39m03/04/2026, 6:23:33 PM [32m    LOG[39m [38;5;3m[RouterExplorer] [39m[32mMapped {/payments/:paymentId, GET} route[39m[38;5;3m +0ms[39m
[32m[Nest] 18994  - [39m03/04/2026, 6:23:33 PM [32m    LOG[39m [38;5;3m[RouterExplorer] [39m[32mMapped {/payments/:paymentId/status, PUT} route[39m[38;5;3m +1ms[39m
[32m[Nest] 18994  - [39m03/04/2026, 6:23:33 PM [32m    LOG[39m [38;5;3m[RoutesResolver] [39m[32mPropertiesController {/properties}:[39m[38;5;3m +0ms[39m
[32m[Nest] 18994  - [39m03/04/2026, 6:23:33 PM [32m    LOG[39m [38;5;3m[RouterExplorer] [39m[32mMapped {/properties, POST} route[39m[38;5;3m +0ms[39m
[32m[Nest] 18994  - [39m03/04/2026, 6:23:33 PM [32m    LOG[39m [38;5;3m[RouterExplorer] [39m[32mMapped {/properties, GET} route[39m[38;5;3m +0ms[39m
[32m[Nest] 18994  - [39m03/04/2026, 6:23:33 PM [32m    LOG[39m [38;5;3m[RouterExplorer] [39m[32mMapped {/properties/:propertyId, GET} route[39m[38;5;3m +0ms[39m
[32m[Nest] 18994  - [39m03/04/2026, 6:23:33 PM [32m    LOG[39m [38;5;3m[RouterExplorer] [39m[32mMapped {/properties/:propertyId/stats, GET} route[39m[38;5;3m +0ms[39m
[32m[Nest] 18994  - [39m03/04/2026, 6:23:33 PM [32m    LOG[39m [38;5;3m[RouterExplorer] [39m[32mMapped {/properties/:propertyId, PUT} route[39m[38;5;3m +1ms[39m
[32m[Nest] 18994  - [39m03/04/2026, 6:23:33 PM [32m    LOG[39m [38;5;3m[RouterExplorer] [39m[32mMapped {/properties/:propertyId, DELETE} route[39m[38;5;3m +0ms[39m
[32m[Nest] 18994  - [39m03/04/2026, 6:23:33 PM [32m    LOG[39m [38;5;3m[RoutesResolver] [39m[32mTenantsController {/tenants}:[39m[38;5;3m +0ms[39m
[32m[Nest] 18994  - [39m03/04/2026, 6:23:33 PM [32m    LOG[39m [38;5;3m[RouterExplorer] [39m[32mMapped {/tenants/by-property/:propertyId, GET} route[39m[38;5;3m +0ms[39m
[32m[Nest] 18994  - [39m03/04/2026, 6:23:33 PM [32m    LOG[39m [38;5;3m[RouterExplorer] [39m[32mMapped {/tenants/all, GET} route[39m[38;5;3m +0ms[39m
[32m[Nest] 18994  - [39m03/04/2026, 6:23:33 PM [32m    LOG[39m [38;5;3m[RouterExplorer] [39m[32mMapped {/tenants/profile/:tenantId, GET} route[39m[38;5;3m +1ms[39m
[32m[Nest] 18994  - [39m03/04/2026, 6:23:33 PM [32m    LOG[39m [38;5;3m[RouterExplorer] [39m[32mMapped {/tenants/:tenantId/reliability, GET} route[39m[38;5;3m +0ms[39m
[32m[Nest] 18994  - [39m03/04/2026, 6:23:33 PM [32m    LOG[39m [38;5;3m[NestApplication] [39m[32mNest application successfully started[39m[38;5;3m +2ms[39m
[31m[Nest] 18994  - [39m03/04/2026, 6:23:33 PM [31m  ERROR[39m [38;5;3m[NestApplication] [39m[31mError: listen EADDRINUSE: address already in use :::3000[39m[38;5;3m +3ms[39m
node:internal/errors:496
    ErrorCaptureStackTrace(err);
    ^

Error: listen EADDRINUSE: address already in use :::3000
    at __node_internal_captureLargerStackTrace (node:internal/errors:496:5)
    at __node_internal_uvExceptionWithHostPort (node:internal/errors:593:12)
    at Server.setupListenHandle [as _listen2] (node:net:1811:16)
    at listenInCluster (node:net:1859:12)
    at Server.listen (node:net:1947:7)
    at ExpressAdapter.listen (/home/feijo/CRENIT/rentcredit-backend/node_modules/@nestjs/platform-express/adapters/express-adapter.js:127:32)
    at /home/feijo/CRENIT/rentcredit-backend/node_modules/@nestjs/core/nest-application.js:188:30
    at new Promise (<anonymous>)
    at NestApplication.listen (/home/feijo/CRENIT/rentcredit-backend/node_modules/@nestjs/core/nest-application.js:178:16)
    at process.processTicksAndRejections (node:internal/process/task_queues:95:5)
    at bootstrap (/home/feijo/CRENIT/rentcredit-backend/src/main.ts:30:3) {
  code: 'EADDRINUSE',
  errno: -98,
  syscall: 'listen',
  address: '::',
  port: 3000
}

Node.js v18.19.1
[2J[3J[H[[90m6:32:31 PM[0m] File change detected. Starting incremental compilation...

[96msrc/payments/payments.service.ts[0m:[93m194[0m:[93m5[0m - [91merror[0m[90m TS1109: [0mExpression expected.

[7m194[0m     if (profile.creditScore >= 750) {
[7m   [0m [91m    ~~[0m

[[90m6:32:31 PM[0m] Found 1 error. Watching for file changes.

[2J[3J[H[[90m6:32:45 PM[0m] File change detected. Starting incremental compilation...

[[90m6:32:45 PM[0m] Found 0 errors. Watching for file changes.

[dotenv@17.3.1] injecting env (11) from .env -- tip: ⚙️  load multiple .env files with { path: ['.env.local', '.env'] }
[dotenv@17.3.1] injecting env (0) from .env -- tip: 🔐 prevent building .env in docker: https://dotenvx.com/prebuild
[dotenv@17.3.1] injecting env (0) from .env -- tip: ⚡️ secrets for agents: https://dotenvx.com/as2
[32m[Nest] 20252  - [39m03/04/2026, 6:32:46 PM [32m    LOG[39m [38;5;3m[NestFactory] [39m[32mStarting Nest application...[39m
[32m[Nest] 20252  - [39m03/04/2026, 6:32:46 PM [32m    LOG[39m [38;5;3m[InstanceLoader] [39m[32mTypeOrmModule dependencies initialized[39m[38;5;3m +57ms[39m
[32m[Nest] 20252  - [39m03/04/2026, 6:32:46 PM [32m    LOG[39m [38;5;3m[InstanceLoader] [39m[32mPassportModule dependencies initialized[39m[38;5;3m +1ms[39m
[32m[Nest] 20252  - [39m03/04/2026, 6:32:46 PM [32m    LOG[39m [38;5;3m[InstanceLoader] [39m[32mJwtModule dependencies initialized[39m[38;5;3m +0ms[39m
[32m[Nest] 20252  - [39m03/04/2026, 6:32:46 PM [32m    LOG[39m [38;5;3m[InstanceLoader] [39m[32mAppModule dependencies initialized[39m[38;5;3m +0ms[39m
(node:20252) DeprecationWarning: Calling client.query() when the client is already executing a query is deprecated and will be removed in pg@9.0. Use asycn/await or an external async flow control mechanism instead.
(Use `node --trace-deprecation ...` to show where the warning was created)
[32m[Nest] 20252  - [39m03/04/2026, 6:32:46 PM [32m    LOG[39m [38;5;3m[InstanceLoader] [39m[32mTypeOrmCoreModule dependencies initialized[39m[38;5;3m +94ms[39m
[32m[Nest] 20252  - [39m03/04/2026, 6:32:46 PM [32m    LOG[39m [38;5;3m[InstanceLoader] [39m[32mTypeOrmModule dependencies initialized[39m[38;5;3m +0ms[39m
[32m[Nest] 20252  - [39m03/04/2026, 6:32:46 PM [32m    LOG[39m [38;5;3m[InstanceLoader] [39m[32mTypeOrmModule dependencies initialized[39m[38;5;3m +0ms[39m
[32m[Nest] 20252  - [39m03/04/2026, 6:32:46 PM [32m    LOG[39m [38;5;3m[InstanceLoader] [39m[32mTypeOrmModule dependencies initialized[39m[38;5;3m +0ms[39m
[32m[Nest] 20252  - [39m03/04/2026, 6:32:46 PM [32m    LOG[39m [38;5;3m[InstanceLoader] [39m[32mTypeOrmModule dependencies initialized[39m[38;5;3m +0ms[39m
[32m[Nest] 20252  - [39m03/04/2026, 6:32:46 PM [32m    LOG[39m [38;5;3m[InstanceLoader] [39m[32mTypeOrmModule dependencies initialized[39m[38;5;3m +0ms[39m
[32m[Nest] 20252  - [39m03/04/2026, 6:32:46 PM [32m    LOG[39m [38;5;3m[InstanceLoader] [39m[32mTypeOrmModule dependencies initialized[39m[38;5;3m +0ms[39m
[32m[Nest] 20252  - [39m03/04/2026, 6:32:46 PM [32m    LOG[39m [38;5;3m[InstanceLoader] [39m[32mUsersModule dependencies initialized[39m[38;5;3m +1ms[39m
[32m[Nest] 20252  - [39m03/04/2026, 6:32:46 PM [32m    LOG[39m [38;5;3m[InstanceLoader] [39m[32mKycModule dependencies initialized[39m[38;5;3m +1ms[39m
[32m[Nest] 20252  - [39m03/04/2026, 6:32:46 PM [32m    LOG[39m [38;5;3m[InstanceLoader] [39m[32mPaymentsModule dependencies initialized[39m[38;5;3m +0ms[39m
[32m[Nest] 20252  - [39m03/04/2026, 6:32:46 PM [32m    LOG[39m [38;5;3m[InstanceLoader] [39m[32mPropertiesModule dependencies initialized[39m[38;5;3m +0ms[39m
[32m[Nest] 20252  - [39m03/04/2026, 6:32:46 PM [32m    LOG[39m [38;5;3m[InstanceLoader] [39m[32mTenantsModule dependencies initialized[39m[38;5;3m +0ms[39m
[32m[Nest] 20252  - [39m03/04/2026, 6:32:46 PM [32m    LOG[39m [38;5;3m[InstanceLoader] [39m[32mAuthModule dependencies initialized[39m[38;5;3m +0ms[39m
[32m[Nest] 20252  - [39m03/04/2026, 6:32:46 PM [32m    LOG[39m [38;5;3m[RoutesResolver] [39m[32mAppController {/}:[39m[38;5;3m +17ms[39m
[32m[Nest] 20252  - [39m03/04/2026, 6:32:46 PM [32m    LOG[39m [38;5;3m[RouterExplorer] [39m[32mMapped {/, GET} route[39m[38;5;3m +3ms[39m
[32m[Nest] 20252  - [39m03/04/2026, 6:32:46 PM [32m    LOG[39m [38;5;3m[RoutesResolver] [39m[32mAuthController {/auth}:[39m[38;5;3m +0ms[39m
[32m[Nest] 20252  - [39m03/04/2026, 6:32:46 PM [32m    LOG[39m [38;5;3m[RouterExplorer] [39m[32mMapped {/auth/signup, POST} route[39m[38;5;3m +1ms[39m
[32m[Nest] 20252  - [39m03/04/2026, 6:32:46 PM [32m    LOG[39m [38;5;3m[RouterExplorer] [39m[32mMapped {/auth/login, POST} route[39m[38;5;3m +1ms[39m
[32m[Nest] 20252  - [39m03/04/2026, 6:32:46 PM [32m    LOG[39m [38;5;3m[RouterExplorer] [39m[32mMapped {/auth/switch-role, POST} route[39m[38;5;3m +0ms[39m
[32m[Nest] 20252  - [39m03/04/2026, 6:32:46 PM [32m    LOG[39m [38;5;3m[RouterExplorer] [39m[32mMapped {/auth/me, GET} route[39m[38;5;3m +1ms[39m
[32m[Nest] 20252  - [39m03/04/2026, 6:32:46 PM [32m    LOG[39m [38;5;3m[RoutesResolver] [39m[32mUsersController {/users}:[39m[38;5;3m +0ms[39m
[32m[Nest] 20252  - [39m03/04/2026, 6:32:46 PM [32m    LOG[39m [38;5;3m[RouterExplorer] [39m[32mMapped {/users/profile, GET} route[39m[38;5;3m +1ms[39m
[32m[Nest] 20252  - [39m03/04/2026, 6:32:46 PM [32m    LOG[39m [38;5;3m[RouterExplorer] [39m[32mMapped {/users/profile, PUT} route[39m[38;5;3m +0ms[39m
[32m[Nest] 20252  - [39m03/04/2026, 6:32:46 PM [32m    LOG[39m [38;5;3m[RouterExplorer] [39m[32mMapped {/users, GET} route[39m[38;5;3m +0ms[39m
[32m[Nest] 20252  - [39m03/04/2026, 6:32:46 PM [32m    LOG[39m [38;5;3m[RouterExplorer] [39m[32mMapped {/users/:id, GET} route[39m[38;5;3m +1ms[39m
[32m[Nest] 20252  - [39m03/04/2026, 6:32:46 PM [32m    LOG[39m [38;5;3m[RoutesResolver] [39m[32mKycController {/kyc}:[39m[38;5;3m +0ms[39m
[32m[Nest] 20252  - [39m03/04/2026, 6:32:46 PM [32m    LOG[39m [38;5;3m[RouterExplorer] [39m[32mMapped {/kyc/upload, POST} route[39m[38;5;3m +1ms[39m
[32m[Nest] 20252  - [39m03/04/2026, 6:32:46 PM [32m    LOG[39m [38;5;3m[RouterExplorer] [39m[32mMapped {/kyc/status, GET} route[39m[38;5;3m +0ms[39m
[32m[Nest] 20252  - [39m03/04/2026, 6:32:46 PM [32m    LOG[39m [38;5;3m[RouterExplorer] [39m[32mMapped {/kyc/pending, GET} route[39m[38;5;3m +0ms[39m
[32m[Nest] 20252  - [39m03/04/2026, 6:32:46 PM [32m    LOG[39m [38;5;3m[RouterExplorer] [39m[32mMapped {/kyc/verify/:kycId, PUT} route[39m[38;5;3m +1ms[39m
[32m[Nest] 20252  - [39m03/04/2026, 6:32:46 PM [32m    LOG[39m [38;5;3m[RoutesResolver] [39m[32mPaymentsController {/payments}:[39m[38;5;3m +0ms[39m
[32m[Nest] 20252  - [39m03/04/2026, 6:32:46 PM [32m    LOG[39m [38;5;3m[RouterExplorer] [39m[32mMapped {/payments, POST} route[39m[38;5;3m +0ms[39m
[32m[Nest] 20252  - [39m03/04/2026, 6:32:46 PM [32m    LOG[39m [38;5;3m[RouterExplorer] [39m[32mMapped {/payments/:paymentId/record, POST} route[39m[38;5;3m +1ms[39m
[32m[Nest] 20252  - [39m03/04/2026, 6:32:46 PM [32m    LOG[39m [38;5;3m[RouterExplorer] [39m[32mMapped {/payments/tenant, GET} route[39m[38;5;3m +0ms[39m
[32m[Nest] 20252  - [39m03/04/2026, 6:32:46 PM [32m    LOG[39m [38;5;3m[RouterExplorer] [39m[32mMapped {/payments/property/:propertyId, GET} route[39m[38;5;3m +0ms[39m
[32m[Nest] 20252  - [39m03/04/2026, 6:32:46 PM [32m    LOG[39m [38;5;3m[RouterExplorer] [39m[32mMapped {/payments/:paymentId, GET} route[39m[38;5;3m +1ms[39m
[32m[Nest] 20252  - [39m03/04/2026, 6:32:46 PM [32m    LOG[39m [38;5;3m[RouterExplorer] [39m[32mMapped {/payments/:paymentId/status, PUT} route[39m[38;5;3m +0ms[39m
[32m[Nest] 20252  - [39m03/04/2026, 6:32:46 PM [32m    LOG[39m [38;5;3m[RoutesResolver] [39m[32mPropertiesController {/properties}:[39m[38;5;3m +0ms[39m
[32m[Nest] 20252  - [39m03/04/2026, 6:32:46 PM [32m    LOG[39m [38;5;3m[RouterExplorer] [39m[32mMapped {/properties, POST} route[39m[38;5;3m +0ms[39m
[32m[Nest] 20252  - [39m03/04/2026, 6:32:46 PM [32m    LOG[39m [38;5;3m[RouterExplorer] [39m[32mMapped {/properties, GET} route[39m[38;5;3m +0ms[39m
[32m[Nest] 20252  - [39m03/04/2026, 6:32:46 PM [32m    LOG[39m [38;5;3m[RouterExplorer] [39m[32mMapped {/properties/:propertyId, GET} route[39m[38;5;3m +0ms[39m
[32m[Nest] 20252  - [39m03/04/2026, 6:32:46 PM [32m    LOG[39m [38;5;3m[RouterExplorer] [39m[32mMapped {/properties/:propertyId/stats, GET} route[39m[38;5;3m +0ms[39m
[32m[Nest] 20252  - [39m03/04/2026, 6:32:46 PM [32m    LOG[39m [38;5;3m[RouterExplorer] [39m[32mMapped {/properties/:propertyId, PUT} route[39m[38;5;3m +1ms[39m
[32m[Nest] 20252  - [39m03/04/2026, 6:32:46 PM [32m    LOG[39m [38;5;3m[RouterExplorer] [39m[32mMapped {/properties/:propertyId, DELETE} route[39m[38;5;3m +0ms[39m
[32m[Nest] 20252  - [39m03/04/2026, 6:32:46 PM [32m    LOG[39m [38;5;3m[RoutesResolver] [39m[32mTenantsController {/tenants}:[39m[38;5;3m +0ms[39m
[32m[Nest] 20252  - [39m03/04/2026, 6:32:46 PM [32m    LOG[39m [38;5;3m[RouterExplorer] [39m[32mMapped {/tenants/by-property/:propertyId, GET} route[39m[38;5;3m +1ms[39m
[32m[Nest] 20252  - [39m03/04/2026, 6:32:46 PM [32m    LOG[39m [38;5;3m[RouterExplorer] [39m[32mMapped {/tenants/all, GET} route[39m[38;5;3m +0ms[39m
[32m[Nest] 20252  - [39m03/04/2026, 6:32:46 PM [32m    LOG[39m [38;5;3m[RouterExplorer] [39m[32mMapped {/tenants/profile/:tenantId, GET} route[39m[38;5;3m +0ms[39m
[32m[Nest] 20252  - [39m03/04/2026, 6:32:46 PM [32m    LOG[39m [38;5;3m[RouterExplorer] [39m[32mMapped {/tenants/:tenantId/reliability, GET} route[39m[38;5;3m +0ms[39m
[32m[Nest] 20252  - [39m03/04/2026, 6:32:46 PM [32m    LOG[39m [38;5;3m[NestApplication] [39m[32mNest application successfully started[39m[38;5;3m +2ms[39m
🚀 RentCredit API running on http://localhost:3000
[2J[3J[H[[90m6:32:50 PM[0m] File change detected. Starting incremental compilation...

[[90m6:32:50 PM[0m] Found 0 errors. Watching for file changes.

[dotenv@17.3.1] injecting env (11) from .env -- tip: ⚙️  write to custom object with { processEnv: myObject }
[dotenv@17.3.1] injecting env (0) from .env -- tip: 🔐 prevent committing .env to code: https://dotenvx.com/precommit
[dotenv@17.3.1] injecting env (0) from .env -- tip: 🛠️  run anywhere with `dotenvx run -- yourcommand`
[32m[Nest] 20386  - [39m03/04/2026, 6:32:50 PM [32m    LOG[39m [38;5;3m[NestFactory] [39m[32mStarting Nest application...[39m
[32m[Nest] 20386  - [39m03/04/2026, 6:32:50 PM [32m    LOG[39m [38;5;3m[InstanceLoader] [39m[32mTypeOrmModule dependencies initialized[39m[38;5;3m +46ms[39m
[32m[Nest] 20386  - [39m03/04/2026, 6:32:50 PM [32m    LOG[39m [38;5;3m[InstanceLoader] [39m[32mPassportModule dependencies initialized[39m[38;5;3m +0ms[39m
[32m[Nest] 20386  - [39m03/04/2026, 6:32:50 PM [32m    LOG[39m [38;5;3m[InstanceLoader] [39m[32mJwtModule dependencies initialized[39m[38;5;3m +0ms[39m
[32m[Nest] 20386  - [39m03/04/2026, 6:32:50 PM [32m    LOG[39m [38;5;3m[InstanceLoader] [39m[32mAppModule dependencies initialized[39m[38;5;3m +0ms[39m
(node:20386) DeprecationWarning: Calling client.query() when the client is already executing a query is deprecated and will be removed in pg@9.0. Use asycn/await or an external async flow control mechanism instead.
(Use `node --trace-deprecation ...` to show where the warning was created)
[32m[Nest] 20386  - [39m03/04/2026, 6:32:50 PM [32m    LOG[39m [38;5;3m[InstanceLoader] [39m[32mTypeOrmCoreModule dependencies initialized[39m[38;5;3m +71ms[39m
[32m[Nest] 20386  - [39m03/04/2026, 6:32:50 PM [32m    LOG[39m [38;5;3m[InstanceLoader] [39m[32mTypeOrmModule dependencies initialized[39m[38;5;3m +0ms[39m
[32m[Nest] 20386  - [39m03/04/2026, 6:32:50 PM [32m    LOG[39m [38;5;3m[InstanceLoader] [39m[32mTypeOrmModule dependencies initialized[39m[38;5;3m +0ms[39m
[32m[Nest] 20386  - [39m03/04/2026, 6:32:50 PM [32m    LOG[39m [38;5;3m[InstanceLoader] [39m[32mTypeOrmModule dependencies initialized[39m[38;5;3m +0ms[39m
[32m[Nest] 20386  - [39m03/04/2026, 6:32:50 PM [32m    LOG[39m [38;5;3m[InstanceLoader] [39m[32mTypeOrmModule dependencies initialized[39m[38;5;3m +0ms[39m
[32m[Nest] 20386  - [39m03/04/2026, 6:32:50 PM [32m    LOG[39m [38;5;3m[InstanceLoader] [39m[32mTypeOrmModule dependencies initialized[39m[38;5;3m +1ms[39m
[32m[Nest] 20386  - [39m03/04/2026, 6:32:50 PM [32m    LOG[39m [38;5;3m[InstanceLoader] [39m[32mTypeOrmModule dependencies initialized[39m[38;5;3m +0ms[39m
[32m[Nest] 20386  - [39m03/04/2026, 6:32:50 PM [32m    LOG[39m [38;5;3m[InstanceLoader] [39m[32mUsersModule dependencies initialized[39m[38;5;3m +1ms[39m
[32m[Nest] 20386  - [39m03/04/2026, 6:32:50 PM [32m    LOG[39m [38;5;3m[InstanceLoader] [39m[32mKycModule dependencies initialized[39m[38;5;3m +0ms[39m
[32m[Nest] 20386  - [39m03/04/2026, 6:32:50 PM [32m    LOG[39m [38;5;3m[InstanceLoader] [39m[32mPaymentsModule dependencies initialized[39m[38;5;3m +0ms[39m
[32m[Nest] 20386  - [39m03/04/2026, 6:32:50 PM [32m    LOG[39m [38;5;3m[InstanceLoader] [39m[32mPropertiesModule dependencies initialized[39m[38;5;3m +0ms[39m
[32m[Nest] 20386  - [39m03/04/2026, 6:32:50 PM [32m    LOG[39m [38;5;3m[InstanceLoader] [39m[32mTenantsModule dependencies initialized[39m[38;5;3m +0ms[39m
[32m[Nest] 20386  - [39m03/04/2026, 6:32:50 PM [32m    LOG[39m [38;5;3m[InstanceLoader] [39m[32mAuthModule dependencies initialized[39m[38;5;3m +0ms[39m
[32m[Nest] 20386  - [39m03/04/2026, 6:32:50 PM [32m    LOG[39m [38;5;3m[RoutesResolver] [39m[32mAppController {/}:[39m[38;5;3m +11ms[39m
[32m[Nest] 20386  - [39m03/04/2026, 6:32:50 PM [32m    LOG[39m [38;5;3m[RouterExplorer] [39m[32mMapped {/, GET} route[39m[38;5;3m +2ms[39m
[32m[Nest] 20386  - [39m03/04/2026, 6:32:50 PM [32m    LOG[39m [38;5;3m[RoutesResolver] [39m[32mAuthController {/auth}:[39m[38;5;3m +0ms[39m
[32m[Nest] 20386  - [39m03/04/2026, 6:32:50 PM [32m    LOG[39m [38;5;3m[RouterExplorer] [39m[32mMapped {/auth/signup, POST} route[39m[38;5;3m +1ms[39m
[32m[Nest] 20386  - [39m03/04/2026, 6:32:50 PM [32m    LOG[39m [38;5;3m[RouterExplorer] [39m[32mMapped {/auth/login, POST} route[39m[38;5;3m +0ms[39m
[32m[Nest] 20386  - [39m03/04/2026, 6:32:50 PM [32m    LOG[39m [38;5;3m[RouterExplorer] [39m[32mMapped {/auth/switch-role, POST} route[39m[38;5;3m +1ms[39m
[32m[Nest] 20386  - [39m03/04/2026, 6:32:50 PM [32m    LOG[39m [38;5;3m[RouterExplorer] [39m[32mMapped {/auth/me, GET} route[39m[38;5;3m +0ms[39m
[32m[Nest] 20386  - [39m03/04/2026, 6:32:50 PM [32m    LOG[39m [38;5;3m[RoutesResolver] [39m[32mUsersController {/users}:[39m[38;5;3m +0ms[39m
[32m[Nest] 20386  - [39m03/04/2026, 6:32:50 PM [32m    LOG[39m [38;5;3m[RouterExplorer] [39m[32mMapped {/users/profile, GET} route[39m[38;5;3m +1ms[39m
[32m[Nest] 20386  - [39m03/04/2026, 6:32:50 PM [32m    LOG[39m [38;5;3m[RouterExplorer] [39m[32mMapped {/users/profile, PUT} route[39m[38;5;3m +0ms[39m
[32m[Nest] 20386  - [39m03/04/2026, 6:32:50 PM [32m    LOG[39m [38;5;3m[RouterExplorer] [39m[32mMapped {/users, GET} route[39m[38;5;3m +1ms[39m
[32m[Nest] 20386  - [39m03/04/2026, 6:32:50 PM [32m    LOG[39m [38;5;3m[RouterExplorer] [39m[32mMapped {/users/:id, GET} route[39m[38;5;3m +0ms[39m
[32m[Nest] 20386  - [39m03/04/2026, 6:32:50 PM [32m    LOG[39m [38;5;3m[RoutesResolver] [39m[32mKycController {/kyc}:[39m[38;5;3m +1ms[39m
[32m[Nest] 20386  - [39m03/04/2026, 6:32:50 PM [32m    LOG[39m [38;5;3m[RouterExplorer] [39m[32mMapped {/kyc/upload, POST} route[39m[38;5;3m +0ms[39m
[32m[Nest] 20386  - [39m03/04/2026, 6:32:50 PM [32m    LOG[39m [38;5;3m[RouterExplorer] [39m[32mMapped {/kyc/status, GET} route[39m[38;5;3m +0ms[39m
[32m[Nest] 20386  - [39m03/04/2026, 6:32:50 PM [32m    LOG[39m [38;5;3m[RouterExplorer] [39m[32mMapped {/kyc/pending, GET} route[39m[38;5;3m +1ms[39m
[32m[Nest] 20386  - [39m03/04/2026, 6:32:50 PM [32m    LOG[39m [38;5;3m[RouterExplorer] [39m[32mMapped {/kyc/verify/:kycId, PUT} route[39m[38;5;3m +0ms[39m
[32m[Nest] 20386  - [39m03/04/2026, 6:32:50 PM [32m    LOG[39m [38;5;3m[RoutesResolver] [39m[32mPaymentsController {/payments}:[39m[38;5;3m +0ms[39m
[32m[Nest] 20386  - [39m03/04/2026, 6:32:50 PM [32m    LOG[39m [38;5;3m[RouterExplorer] [39m[32mMapped {/payments, POST} route[39m[38;5;3m +0ms[39m
[32m[Nest] 20386  - [39m03/04/2026, 6:32:50 PM [32m    LOG[39m [38;5;3m[RouterExplorer] [39m[32mMapped {/payments/:paymentId/record, POST} route[39m[38;5;3m +0ms[39m
[32m[Nest] 20386  - [39m03/04/2026, 6:32:50 PM [32m    LOG[39m [38;5;3m[RouterExplorer] [39m[32mMapped {/payments/tenant, GET} route[39m[38;5;3m +1ms[39m
[32m[Nest] 20386  - [39m03/04/2026, 6:32:50 PM [32m    LOG[39m [38;5;3m[RouterExplorer] [39m[32mMapped {/payments/property/:propertyId, GET} route[39m[38;5;3m +0ms[39m
[32m[Nest] 20386  - [39m03/04/2026, 6:32:50 PM [32m    LOG[39m [38;5;3m[RouterExplorer] [39m[32mMapped {/payments/:paymentId, GET} route[39m[38;5;3m +0ms[39m
[32m[Nest] 20386  - [39m03/04/2026, 6:32:50 PM [32m    LOG[39m [38;5;3m[RouterExplorer] [39m[32mMapped {/payments/:paymentId/status, PUT} route[39m[38;5;3m +1ms[39m
[32m[Nest] 20386  - [39m03/04/2026, 6:32:50 PM [32m    LOG[39m [38;5;3m[RoutesResolver] [39m[32mPropertiesController {/properties}:[39m[38;5;3m +0ms[39m
[32m[Nest] 20386  - [39m03/04/2026, 6:32:50 PM [32m    LOG[39m [38;5;3m[RouterExplorer] [39m[32mMapped {/properties, POST} route[39m[38;5;3m +0ms[39m
[32m[Nest] 20386  - [39m03/04/2026, 6:32:50 PM [32m    LOG[39m [38;5;3m[RouterExplorer] [39m[32mMapped {/properties, GET} route[39m[38;5;3m +0ms[39m
[32m[Nest] 20386  - [39m03/04/2026, 6:32:50 PM [32m    LOG[39m [38;5;3m[RouterExplorer] [39m[32mMapped {/properties/:propertyId, GET} route[39m[38;5;3m +1ms[39m
[32m[Nest] 20386  - [39m03/04/2026, 6:32:50 PM [32m    LOG[39m [38;5;3m[RouterExplorer] [39m[32mMapped {/properties/:propertyId/stats, GET} route[39m[38;5;3m +0ms[39m
[32m[Nest] 20386  - [39m03/04/2026, 6:32:50 PM [32m    LOG[39m [38;5;3m[RouterExplorer] [39m[32mMapped {/properties/:propertyId, PUT} route[39m[38;5;3m +0ms[39m
[32m[Nest] 20386  - [39m03/04/2026, 6:32:50 PM [32m    LOG[39m [38;5;3m[RouterExplorer] [39m[32mMapped {/properties/:propertyId, DELETE} route[39m[38;5;3m +0ms[39m
[32m[Nest] 20386  - [39m03/04/2026, 6:32:50 PM [32m    LOG[39m [38;5;3m[RoutesResolver] [39m[32mTenantsController {/tenants}:[39m[38;5;3m +0ms[39m
[32m[Nest] 20386  - [39m03/04/2026, 6:32:50 PM [32m    LOG[39m [38;5;3m[RouterExplorer] [39m[32mMapped {/tenants/by-property/:propertyId, GET} route[39m[38;5;3m +1ms[39m
[32m[Nest] 20386  - [39m03/04/2026, 6:32:50 PM [32m    LOG[39m [38;5;3m[RouterExplorer] [39m[32mMapped {/tenants/all, GET} route[39m[38;5;3m +0ms[39m
[32m[Nest] 20386  - [39m03/04/2026, 6:32:50 PM [32m    LOG[39m [38;5;3m[RouterExplorer] [39m[32mMapped {/tenants/profile/:tenantId, GET} route[39m[38;5;3m +0ms[39m
[32m[Nest] 20386  - [39m03/04/2026, 6:32:50 PM [32m    LOG[39m [38;5;3m[RouterExplorer] [39m[32mMapped {/tenants/:tenantId/reliability, GET} route[39m[38;5;3m +0ms[39m
[32m[Nest] 20386  - [39m03/04/2026, 6:32:50 PM [32m    LOG[39m [38;5;3m[NestApplication] [39m[32mNest application successfully started[39m[38;5;3m +2ms[39m
[31m[Nest] 20386  - [39m03/04/2026, 6:32:50 PM [31m  ERROR[39m [38;5;3m[NestApplication] [39m[31mError: listen EADDRINUSE: address already in use :::3000[39m[38;5;3m +4ms[39m
node:internal/errors:496
    ErrorCaptureStackTrace(err);
    ^

Error: listen EADDRINUSE: address already in use :::3000
    at __node_internal_captureLargerStackTrace (node:internal/errors:496:5)
    at __node_internal_uvExceptionWithHostPort (node:internal/errors:593:12)
    at Server.setupListenHandle [as _listen2] (node:net:1811:16)
    at listenInCluster (node:net:1859:12)
    at Server.listen (node:net:1947:7)
    at ExpressAdapter.listen (/home/feijo/CRENIT/rentcredit-backend/node_modules/@nestjs/platform-express/adapters/express-adapter.js:127:32)
    at /home/feijo/CRENIT/rentcredit-backend/node_modules/@nestjs/core/nest-application.js:188:30
    at new Promise (<anonymous>)
    at NestApplication.listen (/home/feijo/CRENIT/rentcredit-backend/node_modules/@nestjs/core/nest-application.js:178:16)
    at process.processTicksAndRejections (node:internal/process/task_queues:95:5)
    at bootstrap (/home/feijo/CRENIT/rentcredit-backend/src/main.ts:30:3) {
  code: 'EADDRINUSE',
  errno: -98,
  syscall: 'listen',
  address: '::',
  port: 3000
}

Node.js v18.19.1
[2J[3J[H[[90m6:33:02 PM[0m] File change detected. Starting incremental compilation...

[[90m6:33:02 PM[0m] Found 0 errors. Watching for file changes.

[dotenv@17.3.1] injecting env (11) from .env -- tip: ⚡️ secrets for agents: https://dotenvx.com/as2
[dotenv@17.3.1] injecting env (0) from .env -- tip: ⚙️  load multiple .env files with { path: ['.env.local', '.env'] }
[dotenv@17.3.1] injecting env (0) from .env -- tip: ⚙️  enable debug logging with { debug: true }
[32m[Nest] 20572  - [39m03/04/2026, 6:33:03 PM [32m    LOG[39m [38;5;3m[NestFactory] [39m[32mStarting Nest application...[39m
[32m[Nest] 20572  - [39m03/04/2026, 6:33:03 PM [32m    LOG[39m [38;5;3m[InstanceLoader] [39m[32mTypeOrmModule dependencies initialized[39m[38;5;3m +48ms[39m
[32m[Nest] 20572  - [39m03/04/2026, 6:33:03 PM [32m    LOG[39m [38;5;3m[InstanceLoader] [39m[32mPassportModule dependencies initialized[39m[38;5;3m +0ms[39m
[32m[Nest] 20572  - [39m03/04/2026, 6:33:03 PM [32m    LOG[39m [38;5;3m[InstanceLoader] [39m[32mJwtModule dependencies initialized[39m[38;5;3m +0ms[39m
[32m[Nest] 20572  - [39m03/04/2026, 6:33:03 PM [32m    LOG[39m [38;5;3m[InstanceLoader] [39m[32mAppModule dependencies initialized[39m[38;5;3m +0ms[39m
(node:20572) DeprecationWarning: Calling client.query() when the client is already executing a query is deprecated and will be removed in pg@9.0. Use asycn/await or an external async flow control mechanism instead.
(Use `node --trace-deprecation ...` to show where the warning was created)
[32m[Nest] 20572  - [39m03/04/2026, 6:33:03 PM [32m    LOG[39m [38;5;3m[InstanceLoader] [39m[32mTypeOrmCoreModule dependencies initialized[39m[38;5;3m +66ms[39m
[32m[Nest] 20572  - [39m03/04/2026, 6:33:03 PM [32m    LOG[39m [38;5;3m[InstanceLoader] [39m[32mTypeOrmModule dependencies initialized[39m[38;5;3m +1ms[39m
[32m[Nest] 20572  - [39m03/04/2026, 6:33:03 PM [32m    LOG[39m [38;5;3m[InstanceLoader] [39m[32mTypeOrmModule dependencies initialized[39m[38;5;3m +0ms[39m
[32m[Nest] 20572  - [39m03/04/2026, 6:33:03 PM [32m    LOG[39m [38;5;3m[InstanceLoader] [39m[32mTypeOrmModule dependencies initialized[39m[38;5;3m +0ms[39m
[32m[Nest] 20572  - [39m03/04/2026, 6:33:03 PM [32m    LOG[39m [38;5;3m[InstanceLoader] [39m[32mTypeOrmModule dependencies initialized[39m[38;5;3m +0ms[39m
[32m[Nest] 20572  - [39m03/04/2026, 6:33:03 PM [32m    LOG[39m [38;5;3m[InstanceLoader] [39m[32mTypeOrmModule dependencies initialized[39m[38;5;3m +0ms[39m
[32m[Nest] 20572  - [39m03/04/2026, 6:33:03 PM [32m    LOG[39m [38;5;3m[InstanceLoader] [39m[32mTypeOrmModule dependencies initialized[39m[38;5;3m +0ms[39m
[32m[Nest] 20572  - [39m03/04/2026, 6:33:03 PM [32m    LOG[39m [38;5;3m[InstanceLoader] [39m[32mUsersModule dependencies initialized[39m[38;5;3m +1ms[39m
[32m[Nest] 20572  - [39m03/04/2026, 6:33:03 PM [32m    LOG[39m [38;5;3m[InstanceLoader] [39m[32mKycModule dependencies initialized[39m[38;5;3m +0ms[39m
[32m[Nest] 20572  - [39m03/04/2026, 6:33:03 PM [32m    LOG[39m [38;5;3m[InstanceLoader] [39m[32mPaymentsModule dependencies initialized[39m[38;5;3m +0ms[39m
[32m[Nest] 20572  - [39m03/04/2026, 6:33:03 PM [32m    LOG[39m [38;5;3m[InstanceLoader] [39m[32mPropertiesModule dependencies initialized[39m[38;5;3m +0ms[39m
[32m[Nest] 20572  - [39m03/04/2026, 6:33:03 PM [32m    LOG[39m [38;5;3m[InstanceLoader] [39m[32mTenantsModule dependencies initialized[39m[38;5;3m +0ms[39m
[32m[Nest] 20572  - [39m03/04/2026, 6:33:03 PM [32m    LOG[39m [38;5;3m[InstanceLoader] [39m[32mAuthModule dependencies initialized[39m[38;5;3m +0ms[39m
[32m[Nest] 20572  - [39m03/04/2026, 6:33:03 PM [32m    LOG[39m [38;5;3m[RoutesResolver] [39m[32mAppController {/}:[39m[38;5;3m +11ms[39m
[32m[Nest] 20572  - [39m03/04/2026, 6:33:03 PM [32m    LOG[39m [38;5;3m[RouterExplorer] [39m[32mMapped {/, GET} route[39m[38;5;3m +1ms[39m
[32m[Nest] 20572  - [39m03/04/2026, 6:33:03 PM [32m    LOG[39m [38;5;3m[RoutesResolver] [39m[32mAuthController {/auth}:[39m[38;5;3m +0ms[39m
[32m[Nest] 20572  - [39m03/04/2026, 6:33:03 PM [32m    LOG[39m [38;5;3m[RouterExplorer] [39m[32mMapped {/auth/signup, POST} route[39m[38;5;3m +1ms[39m
[32m[Nest] 20572  - [39m03/04/2026, 6:33:03 PM [32m    LOG[39m [38;5;3m[RouterExplorer] [39m[32mMapped {/auth/login, POST} route[39m[38;5;3m +1ms[39m
[32m[Nest] 20572  - [39m03/04/2026, 6:33:03 PM [32m    LOG[39m [38;5;3m[RouterExplorer] [39m[32mMapped {/auth/switch-role, POST} route[39m[38;5;3m +0ms[39m
[32m[Nest] 20572  - [39m03/04/2026, 6:33:03 PM [32m    LOG[39m [38;5;3m[RouterExplorer] [39m[32mMapped {/auth/me, GET} route[39m[38;5;3m +0ms[39m
[32m[Nest] 20572  - [39m03/04/2026, 6:33:03 PM [32m    LOG[39m [38;5;3m[RoutesResolver] [39m[32mUsersController {/users}:[39m[38;5;3m +1ms[39m
[32m[Nest] 20572  - [39m03/04/2026, 6:33:03 PM [32m    LOG[39m [38;5;3m[RouterExplorer] [39m[32mMapped {/users/profile, GET} route[39m[38;5;3m +0ms[39m
[32m[Nest] 20572  - [39m03/04/2026, 6:33:03 PM [32m    LOG[39m [38;5;3m[RouterExplorer] [39m[32mMapped {/users/profile, PUT} route[39m[38;5;3m +0ms[39m
[32m[Nest] 20572  - [39m03/04/2026, 6:33:03 PM [32m    LOG[39m [38;5;3m[RouterExplorer] [39m[32mMapped {/users, GET} route[39m[38;5;3m +0ms[39m
[32m[Nest] 20572  - [39m03/04/2026, 6:33:03 PM [32m    LOG[39m [38;5;3m[RouterExplorer] [39m[32mMapped {/users/:id, GET} route[39m[38;5;3m +1ms[39m
[32m[Nest] 20572  - [39m03/04/2026, 6:33:03 PM [32m    LOG[39m [38;5;3m[RoutesResolver] [39m[32mKycController {/kyc}:[39m[38;5;3m +0ms[39m
[32m[Nest] 20572  - [39m03/04/2026, 6:33:03 PM [32m    LOG[39m [38;5;3m[RouterExplorer] [39m[32mMapped {/kyc/upload, POST} route[39m[38;5;3m +1ms[39m
[32m[Nest] 20572  - [39m03/04/2026, 6:33:03 PM [32m    LOG[39m [38;5;3m[RouterExplorer] [39m[32mMapped {/kyc/status, GET} route[39m[38;5;3m +0ms[39m
[32m[Nest] 20572  - [39m03/04/2026, 6:33:03 PM [32m    LOG[39m [38;5;3m[RouterExplorer] [39m[32mMapped {/kyc/pending, GET} route[39m[38;5;3m +0ms[39m
[32m[Nest] 20572  - [39m03/04/2026, 6:33:03 PM [32m    LOG[39m [38;5;3m[RouterExplorer] [39m[32mMapped {/kyc/verify/:kycId, PUT} route[39m[38;5;3m +0ms[39m
[32m[Nest] 20572  - [39m03/04/2026, 6:33:03 PM [32m    LOG[39m [38;5;3m[RoutesResolver] [39m[32mPaymentsController {/payments}:[39m[38;5;3m +0ms[39m
[32m[Nest] 20572  - [39m03/04/2026, 6:33:03 PM [32m    LOG[39m [38;5;3m[RouterExplorer] [39m[32mMapped {/payments, POST} route[39m[38;5;3m +1ms[39m
[32m[Nest] 20572  - [39m03/04/2026, 6:33:03 PM [32m    LOG[39m [38;5;3m[RouterExplorer] [39m[32mMapped {/payments/:paymentId/record, POST} route[39m[38;5;3m +0ms[39m
[32m[Nest] 20572  - [39m03/04/2026, 6:33:03 PM [32m    LOG[39m [38;5;3m[RouterExplorer] [39m[32mMapped {/payments/tenant, GET} route[39m[38;5;3m +0ms[39m
[32m[Nest] 20572  - [39m03/04/2026, 6:33:03 PM [32m    LOG[39m [38;5;3m[RouterExplorer] [39m[32mMapped {/payments/property/:propertyId, GET} route[39m[38;5;3m +0ms[39m
[32m[Nest] 20572  - [39m03/04/2026, 6:33:03 PM [32m    LOG[39m [38;5;3m[RouterExplorer] [39m[32mMapped {/payments/:paymentId, GET} route[39m[38;5;3m +0ms[39m
[32m[Nest] 20572  - [39m03/04/2026, 6:33:03 PM [32m    LOG[39m [38;5;3m[RouterExplorer] [39m[32mMapped {/payments/:paymentId/status, PUT} route[39m[38;5;3m +0ms[39m
[32m[Nest] 20572  - [39m03/04/2026, 6:33:03 PM [32m    LOG[39m [38;5;3m[RoutesResolver] [39m[32mPropertiesController {/properties}:[39m[38;5;3m +0ms[39m
[32m[Nest] 20572  - [39m03/04/2026, 6:33:03 PM [32m    LOG[39m [38;5;3m[RouterExplorer] [39m[32mMapped {/properties, POST} route[39m[38;5;3m +1ms[39m
[32m[Nest] 20572  - [39m03/04/2026, 6:33:03 PM [32m    LOG[39m [38;5;3m[RouterExplorer] [39m[32mMapped {/properties, GET} route[39m[38;5;3m +0ms[39m
[32m[Nest] 20572  - [39m03/04/2026, 6:33:03 PM [32m    LOG[39m [38;5;3m[RouterExplorer] [39m[32mMapped {/properties/:propertyId, GET} route[39m[38;5;3m +0ms[39m
[32m[Nest] 20572  - [39m03/04/2026, 6:33:03 PM [32m    LOG[39m [38;5;3m[RouterExplorer] [39m[32mMapped {/properties/:propertyId/stats, GET} route[39m[38;5;3m +0ms[39m
[32m[Nest] 20572  - [39m03/04/2026, 6:33:03 PM [32m    LOG[39m [38;5;3m[RouterExplorer] [39m[32mMapped {/properties/:propertyId, PUT} route[39m[38;5;3m +0ms[39m
[32m[Nest] 20572  - [39m03/04/2026, 6:33:03 PM [32m    LOG[39m [38;5;3m[RouterExplorer] [39m[32mMapped {/properties/:propertyId, DELETE} route[39m[38;5;3m +0ms[39m
[32m[Nest] 20572  - [39m03/04/2026, 6:33:03 PM [32m    LOG[39m [38;5;3m[RoutesResolver] [39m[32mTenantsController {/tenants}:[39m[38;5;3m +0ms[39m
[32m[Nest] 20572  - [39m03/04/2026, 6:33:03 PM [32m    LOG[39m [38;5;3m[RouterExplorer] [39m[32mMapped {/tenants/by-property/:propertyId, GET} route[39m[38;5;3m +1ms[39m
[32m[Nest] 20572  - [39m03/04/2026, 6:33:03 PM [32m    LOG[39m [38;5;3m[RouterExplorer] [39m[32mMapped {/tenants/all, GET} route[39m[38;5;3m +0ms[39m
[32m[Nest] 20572  - [39m03/04/2026, 6:33:03 PM [32m    LOG[39m [38;5;3m[RouterExplorer] [39m[32mMapped {/tenants/profile/:tenantId, GET} route[39m[38;5;3m +0ms[39m
[32m[Nest] 20572  - [39m03/04/2026, 6:33:03 PM [32m    LOG[39m [38;5;3m[RouterExplorer] [39m[32mMapped {/tenants/:tenantId/reliability, GET} route[39m[38;5;3m +0ms[39m
[32m[Nest] 20572  - [39m03/04/2026, 6:33:03 PM [32m    LOG[39m [38;5;3m[NestApplication] [39m[32mNest application successfully started[39m[38;5;3m +2ms[39m
[31m[Nest] 20572  - [39m03/04/2026, 6:33:03 PM [31m  ERROR[39m [38;5;3m[NestApplication] [39m[31mError: listen EADDRINUSE: address already in use :::3000[39m[38;5;3m +3ms[39m
node:internal/errors:496
    ErrorCaptureStackTrace(err);
    ^

Error: listen EADDRINUSE: address already in use :::3000
    at __node_internal_captureLargerStackTrace (node:internal/errors:496:5)
    at __node_internal_uvExceptionWithHostPort (node:internal/errors:593:12)
    at Server.setupListenHandle [as _listen2] (node:net:1811:16)
    at listenInCluster (node:net:1859:12)
    at Server.listen (node:net:1947:7)
    at ExpressAdapter.listen (/home/feijo/CRENIT/rentcredit-backend/node_modules/@nestjs/platform-express/adapters/express-adapter.js:127:32)
    at /home/feijo/CRENIT/rentcredit-backend/node_modules/@nestjs/core/nest-application.js:188:30
    at new Promise (<anonymous>)
    at NestApplication.listen (/home/feijo/CRENIT/rentcredit-backend/node_modules/@nestjs/core/nest-application.js:178:16)
    at process.processTicksAndRejections (node:internal/process/task_queues:95:5)
    at bootstrap (/home/feijo/CRENIT/rentcredit-backend/src/main.ts:30:3) {
  code: 'EADDRINUSE',
  errno: -98,
  syscall: 'listen',
  address: '::',
  port: 3000
}

Node.js v18.19.1
[2J[3J[H[[90m6:33:10 PM[0m] File change detected. Starting incremental compilation...

[[90m6:33:10 PM[0m] Found 0 errors. Watching for file changes.

[dotenv@17.3.1] injecting env (11) from .env -- tip: ⚡️ secrets for agents: https://dotenvx.com/as2
[dotenv@17.3.1] injecting env (0) from .env -- tip: ⚙️  specify custom .env file path with { path: '/custom/path/.env' }
[dotenv@17.3.1] injecting env (0) from .env -- tip: 🔐 encrypt with Dotenvx: https://dotenvx.com
[32m[Nest] 20757  - [39m03/04/2026, 6:33:11 PM [32m    LOG[39m [38;5;3m[NestFactory] [39m[32mStarting Nest application...[39m
[32m[Nest] 20757  - [39m03/04/2026, 6:33:11 PM [32m    LOG[39m [38;5;3m[InstanceLoader] [39m[32mTypeOrmModule dependencies initialized[39m[38;5;3m +49ms[39m
[32m[Nest] 20757  - [39m03/04/2026, 6:33:11 PM [32m    LOG[39m [38;5;3m[InstanceLoader] [39m[32mPassportModule dependencies initialized[39m[38;5;3m +0ms[39m
[32m[Nest] 20757  - [39m03/04/2026, 6:33:11 PM [32m    LOG[39m [38;5;3m[InstanceLoader] [39m[32mJwtModule dependencies initialized[39m[38;5;3m +1ms[39m
[32m[Nest] 20757  - [39m03/04/2026, 6:33:11 PM [32m    LOG[39m [38;5;3m[InstanceLoader] [39m[32mAppModule dependencies initialized[39m[38;5;3m +0ms[39m
(node:20757) DeprecationWarning: Calling client.query() when the client is already executing a query is deprecated and will be removed in pg@9.0. Use asycn/await or an external async flow control mechanism instead.
(Use `node --trace-deprecation ...` to show where the warning was created)
[32m[Nest] 20757  - [39m03/04/2026, 6:33:11 PM [32m    LOG[39m [38;5;3m[InstanceLoader] [39m[32mTypeOrmCoreModule dependencies initialized[39m[38;5;3m +81ms[39m
[32m[Nest] 20757  - [39m03/04/2026, 6:33:11 PM [32m    LOG[39m [38;5;3m[InstanceLoader] [39m[32mTypeOrmModule dependencies initialized[39m[38;5;3m +1ms[39m
[32m[Nest] 20757  - [39m03/04/2026, 6:33:11 PM [32m    LOG[39m [38;5;3m[InstanceLoader] [39m[32mTypeOrmModule dependencies initialized[39m[38;5;3m +0ms[39m
[32m[Nest] 20757  - [39m03/04/2026, 6:33:11 PM [32m    LOG[39m [38;5;3m[InstanceLoader] [39m[32mTypeOrmModule dependencies initialized[39m[38;5;3m +0ms[39m
[32m[Nest] 20757  - [39m03/04/2026, 6:33:11 PM [32m    LOG[39m [38;5;3m[InstanceLoader] [39m[32mTypeOrmModule dependencies initialized[39m[38;5;3m +0ms[39m
[32m[Nest] 20757  - [39m03/04/2026, 6:33:11 PM [32m    LOG[39m [38;5;3m[InstanceLoader] [39m[32mTypeOrmModule dependencies initialized[39m[38;5;3m +0ms[39m
[32m[Nest] 20757  - [39m03/04/2026, 6:33:11 PM [32m    LOG[39m [38;5;3m[InstanceLoader] [39m[32mTypeOrmModule dependencies initialized[39m[38;5;3m +0ms[39m
[32m[Nest] 20757  - [39m03/04/2026, 6:33:11 PM [32m    LOG[39m [38;5;3m[InstanceLoader] [39m[32mUsersModule dependencies initialized[39m[38;5;3m +1ms[39m
[32m[Nest] 20757  - [39m03/04/2026, 6:33:11 PM [32m    LOG[39m [38;5;3m[InstanceLoader] [39m[32mKycModule dependencies initialized[39m[38;5;3m +0ms[39m
[32m[Nest] 20757  - [39m03/04/2026, 6:33:11 PM [32m    LOG[39m [38;5;3m[InstanceLoader] [39m[32mPaymentsModule dependencies initialized[39m[38;5;3m +1ms[39m
[32m[Nest] 20757  - [39m03/04/2026, 6:33:11 PM [32m    LOG[39m [38;5;3m[InstanceLoader] [39m[32mPropertiesModule dependencies initialized[39m[38;5;3m +0ms[39m
[32m[Nest] 20757  - [39m03/04/2026, 6:33:11 PM [32m    LOG[39m [38;5;3m[InstanceLoader] [39m[32mTenantsModule dependencies initialized[39m[38;5;3m +0ms[39m
[32m[Nest] 20757  - [39m03/04/2026, 6:33:11 PM [32m    LOG[39m [38;5;3m[InstanceLoader] [39m[32mAuthModule dependencies initialized[39m[38;5;3m +0ms[39m
[32m[Nest] 20757  - [39m03/04/2026, 6:33:11 PM [32m    LOG[39m [38;5;3m[RoutesResolver] [39m[32mAppController {/}:[39m[38;5;3m +10ms[39m
[32m[Nest] 20757  - [39m03/04/2026, 6:33:11 PM [32m    LOG[39m [38;5;3m[RouterExplorer] [39m[32mMapped {/, GET} route[39m[38;5;3m +2ms[39m
[32m[Nest] 20757  - [39m03/04/2026, 6:33:11 PM [32m    LOG[39m [38;5;3m[RoutesResolver] [39m[32mAuthController {/auth}:[39m[38;5;3m +1ms[39m
[32m[Nest] 20757  - [39m03/04/2026, 6:33:11 PM [32m    LOG[39m [38;5;3m[RouterExplorer] [39m[32mMapped {/auth/signup, POST} route[39m[38;5;3m +0ms[39m
[32m[Nest] 20757  - [39m03/04/2026, 6:33:11 PM [32m    LOG[39m [38;5;3m[RouterExplorer] [39m[32mMapped {/auth/login, POST} route[39m[38;5;3m +1ms[39m
[32m[Nest] 20757  - [39m03/04/2026, 6:33:11 PM [32m    LOG[39m [38;5;3m[RouterExplorer] [39m[32mMapped {/auth/switch-role, POST} route[39m[38;5;3m +0ms[39m
[32m[Nest] 20757  - [39m03/04/2026, 6:33:11 PM [32m    LOG[39m [38;5;3m[RouterExplorer] [39m[32mMapped {/auth/me, GET} route[39m[38;5;3m +1ms[39m
[32m[Nest] 20757  - [39m03/04/2026, 6:33:11 PM [32m    LOG[39m [38;5;3m[RoutesResolver] [39m[32mUsersController {/users}:[39m[38;5;3m +0ms[39m
[32m[Nest] 20757  - [39m03/04/2026, 6:33:11 PM [32m    LOG[39m [38;5;3m[RouterExplorer] [39m[32mMapped {/users/profile, GET} route[39m[38;5;3m +1ms[39m
[32m[Nest] 20757  - [39m03/04/2026, 6:33:11 PM [32m    LOG[39m [38;5;3m[RouterExplorer] [39m[32mMapped {/users/profile, PUT} route[39m[38;5;3m +0ms[39m
[32m[Nest] 20757  - [39m03/04/2026, 6:33:11 PM [32m    LOG[39m [38;5;3m[RouterExplorer] [39m[32mMapped {/users, GET} route[39m[38;5;3m +1ms[39m
[32m[Nest] 20757  - [39m03/04/2026, 6:33:11 PM [32m    LOG[39m [38;5;3m[RouterExplorer] [39m[32mMapped {/users/:id, GET} route[39m[38;5;3m +0ms[39m
[32m[Nest] 20757  - [39m03/04/2026, 6:33:11 PM [32m    LOG[39m [38;5;3m[RoutesResolver] [39m[32mKycController {/kyc}:[39m[38;5;3m +0ms[39m
[32m[Nest] 20757  - [39m03/04/2026, 6:33:11 PM [32m    LOG[39m [38;5;3m[RouterExplorer] [39m[32mMapped {/kyc/upload, POST} route[39m[38;5;3m +1ms[39m
[32m[Nest] 20757  - [39m03/04/2026, 6:33:11 PM [32m    LOG[39m [38;5;3m[RouterExplorer] [39m[32mMapped {/kyc/status, GET} route[39m[38;5;3m +0ms[39m
[32m[Nest] 20757  - [39m03/04/2026, 6:33:11 PM [32m    LOG[39m [38;5;3m[RouterExplorer] [39m[32mMapped {/kyc/pending, GET} route[39m[38;5;3m +0ms[39m
[32m[Nest] 20757  - [39m03/04/2026, 6:33:11 PM [32m    LOG[39m [38;5;3m[RouterExplorer] [39m[32mMapped {/kyc/verify/:kycId, PUT} route[39m[38;5;3m +0ms[39m
[32m[Nest] 20757  - [39m03/04/2026, 6:33:11 PM [32m    LOG[39m [38;5;3m[RoutesResolver] [39m[32mPaymentsController {/payments}:[39m[38;5;3m +1ms[39m
[32m[Nest] 20757  - [39m03/04/2026, 6:33:11 PM [32m    LOG[39m [38;5;3m[RouterExplorer] [39m[32mMapped {/payments, POST} route[39m[38;5;3m +0ms[39m
[32m[Nest] 20757  - [39m03/04/2026, 6:33:11 PM [32m    LOG[39m [38;5;3m[RouterExplorer] [39m[32mMapped {/payments/:paymentId/record, POST} route[39m[38;5;3m +0ms[39m
[32m[Nest] 20757  - [39m03/04/2026, 6:33:11 PM [32m    LOG[39m [38;5;3m[RouterExplorer] [39m[32mMapped {/payments/tenant, GET} route[39m[38;5;3m +0ms[39m
[32m[Nest] 20757  - [39m03/04/2026, 6:33:11 PM [32m    LOG[39m [38;5;3m[RouterExplorer] [39m[32mMapped {/payments/property/:propertyId, GET} route[39m[38;5;3m +1ms[39m
[32m[Nest] 20757  - [39m03/04/2026, 6:33:11 PM [32m    LOG[39m [38;5;3m[RouterExplorer] [39m[32mMapped {/payments/:paymentId, GET} route[39m[38;5;3m +0ms[39m
[32m[Nest] 20757  - [39m03/04/2026, 6:33:11 PM [32m    LOG[39m [38;5;3m[RouterExplorer] [39m[32mMapped {/payments/:paymentId/status, PUT} route[39m[38;5;3m +0ms[39m
[32m[Nest] 20757  - [39m03/04/2026, 6:33:11 PM [32m    LOG[39m [38;5;3m[RoutesResolver] [39m[32mPropertiesController {/properties}:[39m[38;5;3m +0ms[39m
[32m[Nest] 20757  - [39m03/04/2026, 6:33:11 PM [32m    LOG[39m [38;5;3m[RouterExplorer] [39m[32mMapped {/properties, POST} route[39m[38;5;3m +1ms[39m
[32m[Nest] 20757  - [39m03/04/2026, 6:33:11 PM [32m    LOG[39m [38;5;3m[RouterExplorer] [39m[32mMapped {/properties, GET} route[39m[38;5;3m +0ms[39m
[32m[Nest] 20757  - [39m03/04/2026, 6:33:11 PM [32m    LOG[39m [38;5;3m[RouterExplorer] [39m[32mMapped {/properties/:propertyId, GET} route[39m[38;5;3m +0ms[39m
[32m[Nest] 20757  - [39m03/04/2026, 6:33:11 PM [32m    LOG[39m [38;5;3m[RouterExplorer] [39m[32mMapped {/properties/:propertyId/stats, GET} route[39m[38;5;3m +0ms[39m
[32m[Nest] 20757  - [39m03/04/2026, 6:33:11 PM [32m    LOG[39m [38;5;3m[RouterExplorer] [39m[32mMapped {/properties/:propertyId, PUT} route[39m[38;5;3m +1ms[39m
[32m[Nest] 20757  - [39m03/04/2026, 6:33:11 PM [32m    LOG[39m [38;5;3m[RouterExplorer] [39m[32mMapped {/properties/:propertyId, DELETE} route[39m[38;5;3m +0ms[39m
[32m[Nest] 20757  - [39m03/04/2026, 6:33:11 PM [32m    LOG[39m [38;5;3m[RoutesResolver] [39m[32mTenantsController {/tenants}:[39m[38;5;3m +0ms[39m
[32m[Nest] 20757  - [39m03/04/2026, 6:33:11 PM [32m    LOG[39m [38;5;3m[RouterExplorer] [39m[32mMapped {/tenants/by-property/:propertyId, GET} route[39m[38;5;3m +0ms[39m
[32m[Nest] 20757  - [39m03/04/2026, 6:33:11 PM [32m    LOG[39m [38;5;3m[RouterExplorer] [39m[32mMapped {/tenants/all, GET} route[39m[38;5;3m +0ms[39m
[32m[Nest] 20757  - [39m03/04/2026, 6:33:11 PM [32m    LOG[39m [38;5;3m[RouterExplorer] [39m[32mMapped {/tenants/profile/:tenantId, GET} route[39m[38;5;3m +1ms[39m
[32m[Nest] 20757  - [39m03/04/2026, 6:33:11 PM [32m    LOG[39m [38;5;3m[RouterExplorer] [39m[32mMapped {/tenants/:tenantId/reliability, GET} route[39m[38;5;3m +0ms[39m
[32m[Nest] 20757  - [39m03/04/2026, 6:33:11 PM [32m    LOG[39m [38;5;3m[NestApplication] [39m[32mNest application successfully started[39m[38;5;3m +2ms[39m
[31m[Nest] 20757  - [39m03/04/2026, 6:33:11 PM [31m  ERROR[39m [38;5;3m[NestApplication] [39m[31mError: listen EADDRINUSE: address already in use :::3000[39m[38;5;3m +4ms[39m
node:internal/errors:496
    ErrorCaptureStackTrace(err);
    ^

Error: listen EADDRINUSE: address already in use :::3000
    at __node_internal_captureLargerStackTrace (node:internal/errors:496:5)
    at __node_internal_uvExceptionWithHostPort (node:internal/errors:593:12)
    at Server.setupListenHandle [as _listen2] (node:net:1811:16)
    at listenInCluster (node:net:1859:12)
    at Server.listen (node:net:1947:7)
    at ExpressAdapter.listen (/home/feijo/CRENIT/rentcredit-backend/node_modules/@nestjs/platform-express/adapters/express-adapter.js:127:32)
    at /home/feijo/CRENIT/rentcredit-backend/node_modules/@nestjs/core/nest-application.js:188:30
    at new Promise (<anonymous>)
    at NestApplication.listen (/home/feijo/CRENIT/rentcredit-backend/node_modules/@nestjs/core/nest-application.js:178:16)
    at process.processTicksAndRejections (node:internal/process/task_queues:95:5)
    at bootstrap (/home/feijo/CRENIT/rentcredit-backend/src/main.ts:30:3) {
  code: 'EADDRINUSE',
  errno: -98,
  syscall: 'listen',
  address: '::',
  port: 3000
}

Node.js v18.19.1
[2J[3J[H[[90m6:33:19 PM[0m] File change detected. Starting incremental compilation...

[[90m6:33:19 PM[0m] Found 0 errors. Watching for file changes.

[dotenv@17.3.1] injecting env (11) from .env -- tip: 🔐 prevent building .env in docker: https://dotenvx.com/prebuild
[dotenv@17.3.1] injecting env (0) from .env -- tip: 🔐 prevent committing .env to code: https://dotenvx.com/precommit
[dotenv@17.3.1] injecting env (0) from .env -- tip: ⚙️  override existing env vars with { override: true }
[32m[Nest] 20879  - [39m03/04/2026, 6:33:20 PM [32m    LOG[39m [38;5;3m[NestFactory] [39m[32mStarting Nest application...[39m
[32m[Nest] 20879  - [39m03/04/2026, 6:33:20 PM [32m    LOG[39m [38;5;3m[InstanceLoader] [39m[32mTypeOrmModule dependencies initialized[39m[38;5;3m +49ms[39m
[32m[Nest] 20879  - [39m03/04/2026, 6:33:20 PM [32m    LOG[39m [38;5;3m[InstanceLoader] [39m[32mPassportModule dependencies initialized[39m[38;5;3m +0ms[39m
[32m[Nest] 20879  - [39m03/04/2026, 6:33:20 PM [32m    LOG[39m [38;5;3m[InstanceLoader] [39m[32mJwtModule dependencies initialized[39m[38;5;3m +1ms[39m
[32m[Nest] 20879  - [39m03/04/2026, 6:33:20 PM [32m    LOG[39m [38;5;3m[InstanceLoader] [39m[32mAppModule dependencies initialized[39m[38;5;3m +0ms[39m
(node:20879) DeprecationWarning: Calling client.query() when the client is already executing a query is deprecated and will be removed in pg@9.0. Use asycn/await or an external async flow control mechanism instead.
(Use `node --trace-deprecation ...` to show where the warning was created)
[32m[Nest] 20879  - [39m03/04/2026, 6:33:20 PM [32m    LOG[39m [38;5;3m[InstanceLoader] [39m[32mTypeOrmCoreModule dependencies initialized[39m[38;5;3m +75ms[39m
[32m[Nest] 20879  - [39m03/04/2026, 6:33:20 PM [32m    LOG[39m [38;5;3m[InstanceLoader] [39m[32mTypeOrmModule dependencies initialized[39m[38;5;3m +0ms[39m
[32m[Nest] 20879  - [39m03/04/2026, 6:33:20 PM [32m    LOG[39m [38;5;3m[InstanceLoader] [39m[32mTypeOrmModule dependencies initialized[39m[38;5;3m +0ms[39m
[32m[Nest] 20879  - [39m03/04/2026, 6:33:20 PM [32m    LOG[39m [38;5;3m[InstanceLoader] [39m[32mTypeOrmModule dependencies initialized[39m[38;5;3m +0ms[39m
[32m[Nest] 20879  - [39m03/04/2026, 6:33:20 PM [32m    LOG[39m [38;5;3m[InstanceLoader] [39m[32mTypeOrmModule dependencies initialized[39m[38;5;3m +0ms[39m
[32m[Nest] 20879  - [39m03/04/2026, 6:33:20 PM [32m    LOG[39m [38;5;3m[InstanceLoader] [39m[32mTypeOrmModule dependencies initialized[39m[38;5;3m +0ms[39m
[32m[Nest] 20879  - [39m03/04/2026, 6:33:20 PM [32m    LOG[39m [38;5;3m[InstanceLoader] [39m[32mTypeOrmModule dependencies initialized[39m[38;5;3m +0ms[39m
[32m[Nest] 20879  - [39m03/04/2026, 6:33:20 PM [32m    LOG[39m [38;5;3m[InstanceLoader] [39m[32mUsersModule dependencies initialized[39m[38;5;3m +2ms[39m
[32m[Nest] 20879  - [39m03/04/2026, 6:33:20 PM [32m    LOG[39m [38;5;3m[InstanceLoader] [39m[32mKycModule dependencies initialized[39m[38;5;3m +0ms[39m
[32m[Nest] 20879  - [39m03/04/2026, 6:33:20 PM [32m    LOG[39m [38;5;3m[InstanceLoader] [39m[32mPaymentsModule dependencies initialized[39m[38;5;3m +0ms[39m
[32m[Nest] 20879  - [39m03/04/2026, 6:33:20 PM [32m    LOG[39m [38;5;3m[InstanceLoader] [39m[32mPropertiesModule dependencies initialized[39m[38;5;3m +0ms[39m
[32m[Nest] 20879  - [39m03/04/2026, 6:33:20 PM [32m    LOG[39m [38;5;3m[InstanceLoader] [39m[32mTenantsModule dependencies initialized[39m[38;5;3m +0ms[39m
[32m[Nest] 20879  - [39m03/04/2026, 6:33:20 PM [32m    LOG[39m [38;5;3m[InstanceLoader] [39m[32mAuthModule dependencies initialized[39m[38;5;3m +1ms[39m
[32m[Nest] 20879  - [39m03/04/2026, 6:33:20 PM [32m    LOG[39m [38;5;3m[RoutesResolver] [39m[32mAppController {/}:[39m[38;5;3m +12ms[39m
[32m[Nest] 20879  - [39m03/04/2026, 6:33:20 PM [32m    LOG[39m [38;5;3m[RouterExplorer] [39m[32mMapped {/, GET} route[39m[38;5;3m +3ms[39m
[32m[Nest] 20879  - [39m03/04/2026, 6:33:20 PM [32m    LOG[39m [38;5;3m[RoutesResolver] [39m[32mAuthController {/auth}:[39m[38;5;3m +0ms[39m
[32m[Nest] 20879  - [39m03/04/2026, 6:33:20 PM [32m    LOG[39m [38;5;3m[RouterExplorer] [39m[32mMapped {/auth/signup, POST} route[39m[38;5;3m +1ms[39m
[32m[Nest] 20879  - [39m03/04/2026, 6:33:20 PM [32m    LOG[39m [38;5;3m[RouterExplorer] [39m[32mMapped {/auth/login, POST} route[39m[38;5;3m +0ms[39m
[32m[Nest] 20879  - [39m03/04/2026, 6:33:20 PM [32m    LOG[39m [38;5;3m[RouterExplorer] [39m[32mMapped {/auth/switch-role, POST} route[39m[38;5;3m +1ms[39m
[32m[Nest] 20879  - [39m03/04/2026, 6:33:20 PM [32m    LOG[39m [38;5;3m[RouterExplorer] [39m[32mMapped {/auth/me, GET} route[39m[38;5;3m +0ms[39m
[32m[Nest] 20879  - [39m03/04/2026, 6:33:20 PM [32m    LOG[39m [38;5;3m[RoutesResolver] [39m[32mUsersController {/users}:[39m[38;5;3m +1ms[39m
[32m[Nest] 20879  - [39m03/04/2026, 6:33:20 PM [32m    LOG[39m [38;5;3m[RouterExplorer] [39m[32mMapped {/users/profile, GET} route[39m[38;5;3m +0ms[39m
[32m[Nest] 20879  - [39m03/04/2026, 6:33:20 PM [32m    LOG[39m [38;5;3m[RouterExplorer] [39m[32mMapped {/users/profile, PUT} route[39m[38;5;3m +1ms[39m
[32m[Nest] 20879  - [39m03/04/2026, 6:33:20 PM [32m    LOG[39m [38;5;3m[RouterExplorer] [39m[32mMapped {/users, GET} route[39m[38;5;3m +0ms[39m
[32m[Nest] 20879  - [39m03/04/2026, 6:33:20 PM [32m    LOG[39m [38;5;3m[RouterExplorer] [39m[32mMapped {/users/:id, GET} route[39m[38;5;3m +1ms[39m
[32m[Nest] 20879  - [39m03/04/2026, 6:33:20 PM [32m    LOG[39m [38;5;3m[RoutesResolver] [39m[32mKycController {/kyc}:[39m[38;5;3m +0ms[39m
[32m[Nest] 20879  - [39m03/04/2026, 6:33:20 PM [32m    LOG[39m [38;5;3m[RouterExplorer] [39m[32mMapped {/kyc/upload, POST} route[39m[38;5;3m +0ms[39m
[32m[Nest] 20879  - [39m03/04/2026, 6:33:20 PM [32m    LOG[39m [38;5;3m[RouterExplorer] [39m[32mMapped {/kyc/status, GET} route[39m[38;5;3m +1ms[39m
[32m[Nest] 20879  - [39m03/04/2026, 6:33:20 PM [32m    LOG[39m [38;5;3m[RouterExplorer] [39m[32mMapped {/kyc/pending, GET} route[39m[38;5;3m +0ms[39m
[32m[Nest] 20879  - [39m03/04/2026, 6:33:20 PM [32m    LOG[39m [38;5;3m[RouterExplorer] [39m[32mMapped {/kyc/verify/:kycId, PUT} route[39m[38;5;3m +1ms[39m
[32m[Nest] 20879  - [39m03/04/2026, 6:33:20 PM [32m    LOG[39m [38;5;3m[RoutesResolver] [39m[32mPaymentsController {/payments}:[39m[38;5;3m +0ms[39m
[32m[Nest] 20879  - [39m03/04/2026, 6:33:20 PM [32m    LOG[39m [38;5;3m[RouterExplorer] [39m[32mMapped {/payments, POST} route[39m[38;5;3m +0ms[39m
[32m[Nest] 20879  - [39m03/04/2026, 6:33:20 PM [32m    LOG[39m [38;5;3m[RouterExplorer] [39m[32mMapped {/payments/:paymentId/record, POST} route[39m[38;5;3m +0ms[39m
[32m[Nest] 20879  - [39m03/04/2026, 6:33:20 PM [32m    LOG[39m [38;5;3m[RouterExplorer] [39m[32mMapped {/payments/tenant, GET} route[39m[38;5;3m +1ms[39m
[32m[Nest] 20879  - [39m03/04/2026, 6:33:20 PM [32m    LOG[39m [38;5;3m[RouterExplorer] [39m[32mMapped {/payments/property/:propertyId, GET} route[39m[38;5;3m +0ms[39m
[32m[Nest] 20879  - [39m03/04/2026, 6:33:20 PM [32m    LOG[39m [38;5;3m[RouterExplorer] [39m[32mMapped {/payments/:paymentId, GET} route[39m[38;5;3m +0ms[39m
[32m[Nest] 20879  - [39m03/04/2026, 6:33:20 PM [32m    LOG[39m [38;5;3m[RouterExplorer] [39m[32mMapped {/payments/:paymentId/status, PUT} route[39m[38;5;3m +1ms[39m
[32m[Nest] 20879  - [39m03/04/2026, 6:33:20 PM [32m    LOG[39m [38;5;3m[RoutesResolver] [39m[32mPropertiesController {/properties}:[39m[38;5;3m +0ms[39m
[32m[Nest] 20879  - [39m03/04/2026, 6:33:20 PM [32m    LOG[39m [38;5;3m[RouterExplorer] [39m[32mMapped {/properties, POST} route[39m[38;5;3m +0ms[39m
[32m[Nest] 20879  - [39m03/04/2026, 6:33:20 PM [32m    LOG[39m [38;5;3m[RouterExplorer] [39m[32mMapped {/properties, GET} route[39m[38;5;3m +0ms[39m
[32m[Nest] 20879  - [39m03/04/2026, 6:33:20 PM [32m    LOG[39m [38;5;3m[RouterExplorer] [39m[32mMapped {/properties/:propertyId, GET} route[39m[38;5;3m +1ms[39m
[32m[Nest] 20879  - [39m03/04/2026, 6:33:20 PM [32m    LOG[39m [38;5;3m[RouterExplorer] [39m[32mMapped {/properties/:propertyId/stats, GET} route[39m[38;5;3m +0ms[39m
[32m[Nest] 20879  - [39m03/04/2026, 6:33:20 PM [32m    LOG[39m [38;5;3m[RouterExplorer] [39m[32mMapped {/properties/:propertyId, PUT} route[39m[38;5;3m +0ms[39m
[32m[Nest] 20879  - [39m03/04/2026, 6:33:20 PM [32m    LOG[39m [38;5;3m[RouterExplorer] [39m[32mMapped {/properties/:propertyId, DELETE} route[39m[38;5;3m +1ms[39m
[32m[Nest] 20879  - [39m03/04/2026, 6:33:20 PM [32m    LOG[39m [38;5;3m[RoutesResolver] [39m[32mTenantsController {/tenants}:[39m[38;5;3m +0ms[39m
[32m[Nest] 20879  - [39m03/04/2026, 6:33:20 PM [32m    LOG[39m [38;5;3m[RouterExplorer] [39m[32mMapped {/tenants/by-property/:propertyId, GET} route[39m[38;5;3m +0ms[39m
[32m[Nest] 20879  - [39m03/04/2026, 6:33:20 PM [32m    LOG[39m [38;5;3m[RouterExplorer] [39m[32mMapped {/tenants/all, GET} route[39m[38;5;3m +0ms[39m
[32m[Nest] 20879  - [39m03/04/2026, 6:33:20 PM [32m    LOG[39m [38;5;3m[RouterExplorer] [39m[32mMapped {/tenants/profile/:tenantId, GET} route[39m[38;5;3m +0ms[39m
[32m[Nest] 20879  - [39m03/04/2026, 6:33:20 PM [32m    LOG[39m [38;5;3m[RouterExplorer] [39m[32mMapped {/tenants/:tenantId/reliability, GET} route[39m[38;5;3m +1ms[39m
[32m[Nest] 20879  - [39m03/04/2026, 6:33:20 PM [32m    LOG[39m [38;5;3m[NestApplication] [39m[32mNest application successfully started[39m[38;5;3m +2ms[39m
[31m[Nest] 20879  - [39m03/04/2026, 6:33:20 PM [31m  ERROR[39m [38;5;3m[NestApplication] [39m[31mError: listen EADDRINUSE: address already in use :::3000[39m[38;5;3m +3ms[39m
node:internal/errors:496
    ErrorCaptureStackTrace(err);
    ^

Error: listen EADDRINUSE: address already in use :::3000
    at __node_internal_captureLargerStackTrace (node:internal/errors:496:5)
    at __node_internal_uvExceptionWithHostPort (node:internal/errors:593:12)
    at Server.setupListenHandle [as _listen2] (node:net:1811:16)
    at listenInCluster (node:net:1859:12)
    at Server.listen (node:net:1947:7)
    at ExpressAdapter.listen (/home/feijo/CRENIT/rentcredit-backend/node_modules/@nestjs/platform-express/adapters/express-adapter.js:127:32)
    at /home/feijo/CRENIT/rentcredit-backend/node_modules/@nestjs/core/nest-application.js:188:30
    at new Promise (<anonymous>)
    at NestApplication.listen (/home/feijo/CRENIT/rentcredit-backend/node_modules/@nestjs/core/nest-application.js:178:16)
    at process.processTicksAndRejections (node:internal/process/task_queues:95:5)
    at bootstrap (/home/feijo/CRENIT/rentcredit-backend/src/main.ts:30:3) {
  code: 'EADDRINUSE',
  errno: -98,
  syscall: 'listen',
  address: '::',
  port: 3000
}

Node.js v18.19.1
[2J[3J[H[[90m6:34:28 PM[0m] File change detected. Starting incremental compilation...

[96msrc/tenants/tenants.service.ts[0m:[93m143[0m:[93m33[0m - [91merror[0m[90m TS2345: [0mArgument of type '{ propertyId: string; propertyName: string; tenants: { user: { id: string | undefined; email: string | undefined; fullName: string | undefined; phoneNumber: string | undefined; }; creditProfile: TenantProfile | null; paymentHistory: { ...; }; }[]; }' is not assignable to parameter of type 'never'.

[7m143[0m       allTenantsByProperty.push({
[7m   [0m [91m                                ~[0m
[7m144[0m         propertyId: property.id,
[7m   [0m [91m~~~~~~~~~~~~~~~~~~~~~~~~~~~~~~~~[0m
[7m...[0m 
[7m146[0m         tenants,
[7m   [0m [91m~~~~~~~~~~~~~~~~[0m
[7m147[0m       });
[7m   [0m [91m~~~~~~~[0m

[[90m6:34:29 PM[0m] Found 1 error. Watching for file changes.

[2J[3J[H[[90m6:34:43 PM[0m] File change detected. Starting incremental compilation...

[[90m6:34:43 PM[0m] Found 0 errors. Watching for file changes.

[dotenv@17.3.1] injecting env (11) from .env -- tip: 🔐 prevent building .env in docker: https://dotenvx.com/prebuild
[dotenv@17.3.1] injecting env (0) from .env -- tip: 🔐 prevent building .env in docker: https://dotenvx.com/prebuild
[dotenv@17.3.1] injecting env (0) from .env -- tip: 🔐 prevent building .env in docker: https://dotenvx.com/prebuild
[32m[Nest] 21400  - [39m03/04/2026, 6:34:44 PM [32m    LOG[39m [38;5;3m[NestFactory] [39m[32mStarting Nest application...[39m
[32m[Nest] 21400  - [39m03/04/2026, 6:34:44 PM [32m    LOG[39m [38;5;3m[InstanceLoader] [39m[32mTypeOrmModule dependencies initialized[39m[38;5;3m +47ms[39m
[32m[Nest] 21400  - [39m03/04/2026, 6:34:44 PM [32m    LOG[39m [38;5;3m[InstanceLoader] [39m[32mPassportModule dependencies initialized[39m[38;5;3m +0ms[39m
[32m[Nest] 21400  - [39m03/04/2026, 6:34:44 PM [32m    LOG[39m [38;5;3m[InstanceLoader] [39m[32mJwtModule dependencies initialized[39m[38;5;3m +1ms[39m
[32m[Nest] 21400  - [39m03/04/2026, 6:34:44 PM [32m    LOG[39m [38;5;3m[InstanceLoader] [39m[32mAppModule dependencies initialized[39m[38;5;3m +0ms[39m
(node:21400) DeprecationWarning: Calling client.query() when the client is already executing a query is deprecated and will be removed in pg@9.0. Use asycn/await or an external async flow control mechanism instead.
(Use `node --trace-deprecation ...` to show where the warning was created)
[32m[Nest] 21400  - [39m03/04/2026, 6:34:44 PM [32m    LOG[39m [38;5;3m[InstanceLoader] [39m[32mTypeOrmCoreModule dependencies initialized[39m[38;5;3m +71ms[39m
[32m[Nest] 21400  - [39m03/04/2026, 6:34:44 PM [32m    LOG[39m [38;5;3m[InstanceLoader] [39m[32mTypeOrmModule dependencies initialized[39m[38;5;3m +1ms[39m
[32m[Nest] 21400  - [39m03/04/2026, 6:34:44 PM [32m    LOG[39m [38;5;3m[InstanceLoader] [39m[32mTypeOrmModule dependencies initialized[39m[38;5;3m +0ms[39m
[32m[Nest] 21400  - [39m03/04/2026, 6:34:44 PM [32m    LOG[39m [38;5;3m[InstanceLoader] [39m[32mTypeOrmModule dependencies initialized[39m[38;5;3m +0ms[39m
[32m[Nest] 21400  - [39m03/04/2026, 6:34:44 PM [32m    LOG[39m [38;5;3m[InstanceLoader] [39m[32mTypeOrmModule dependencies initialized[39m[38;5;3m +0ms[39m
[32m[Nest] 21400  - [39m03/04/2026, 6:34:44 PM [32m    LOG[39m [38;5;3m[InstanceLoader] [39m[32mTypeOrmModule dependencies initialized[39m[38;5;3m +1ms[39m
[32m[Nest] 21400  - [39m03/04/2026, 6:34:44 PM [32m    LOG[39m [38;5;3m[InstanceLoader] [39m[32mTypeOrmModule dependencies initialized[39m[38;5;3m +0ms[39m
[32m[Nest] 21400  - [39m03/04/2026, 6:34:44 PM [32m    LOG[39m [38;5;3m[InstanceLoader] [39m[32mUsersModule dependencies initialized[39m[38;5;3m +1ms[39m
[32m[Nest] 21400  - [39m03/04/2026, 6:34:44 PM [32m    LOG[39m [38;5;3m[InstanceLoader] [39m[32mKycModule dependencies initialized[39m[38;5;3m +0ms[39m
[32m[Nest] 21400  - [39m03/04/2026, 6:34:44 PM [32m    LOG[39m [38;5;3m[InstanceLoader] [39m[32mPaymentsModule dependencies initialized[39m[38;5;3m +0ms[39m
[32m[Nest] 21400  - [39m03/04/2026, 6:34:44 PM [32m    LOG[39m [38;5;3m[InstanceLoader] [39m[32mPropertiesModule dependencies initialized[39m[38;5;3m +0ms[39m
[32m[Nest] 21400  - [39m03/04/2026, 6:34:44 PM [32m    LOG[39m [38;5;3m[InstanceLoader] [39m[32mTenantsModule dependencies initialized[39m[38;5;3m +0ms[39m
[32m[Nest] 21400  - [39m03/04/2026, 6:34:44 PM [32m    LOG[39m [38;5;3m[InstanceLoader] [39m[32mAuthModule dependencies initialized[39m[38;5;3m +0ms[39m
[32m[Nest] 21400  - [39m03/04/2026, 6:34:44 PM [32m    LOG[39m [38;5;3m[RoutesResolver] [39m[32mAppController {/}:[39m[38;5;3m +13ms[39m
[32m[Nest] 21400  - [39m03/04/2026, 6:34:44 PM [32m    LOG[39m [38;5;3m[RouterExplorer] [39m[32mMapped {/, GET} route[39m[38;5;3m +2ms[39m
[32m[Nest] 21400  - [39m03/04/2026, 6:34:44 PM [32m    LOG[39m [38;5;3m[RoutesResolver] [39m[32mAuthController {/auth}:[39m[38;5;3m +1ms[39m
[32m[Nest] 21400  - [39m03/04/2026, 6:34:44 PM [32m    LOG[39m [38;5;3m[RouterExplorer] [39m[32mMapped {/auth/signup, POST} route[39m[38;5;3m +0ms[39m
[32m[Nest] 21400  - [39m03/04/2026, 6:34:44 PM [32m    LOG[39m [38;5;3m[RouterExplorer] [39m[32mMapped {/auth/login, POST} route[39m[38;5;3m +1ms[39m
[32m[Nest] 21400  - [39m03/04/2026, 6:34:44 PM [32m    LOG[39m [38;5;3m[RouterExplorer] [39m[32mMapped {/auth/switch-role, POST} route[39m[38;5;3m +0ms[39m
[32m[Nest] 21400  - [39m03/04/2026, 6:34:44 PM [32m    LOG[39m [38;5;3m[RouterExplorer] [39m[32mMapped {/auth/me, GET} route[39m[38;5;3m +1ms[39m
[32m[Nest] 21400  - [39m03/04/2026, 6:34:44 PM [32m    LOG[39m [38;5;3m[RoutesResolver] [39m[32mUsersController {/users}:[39m[38;5;3m +0ms[39m
[32m[Nest] 21400  - [39m03/04/2026, 6:34:44 PM [32m    LOG[39m [38;5;3m[RouterExplorer] [39m[32mMapped {/users/profile, GET} route[39m[38;5;3m +0ms[39m
[32m[Nest] 21400  - [39m03/04/2026, 6:34:44 PM [32m    LOG[39m [38;5;3m[RouterExplorer] [39m[32mMapped {/users/profile, PUT} route[39m[38;5;3m +1ms[39m
[32m[Nest] 21400  - [39m03/04/2026, 6:34:44 PM [32m    LOG[39m [38;5;3m[RouterExplorer] [39m[32mMapped {/users, GET} route[39m[38;5;3m +0ms[39m
[32m[Nest] 21400  - [39m03/04/2026, 6:34:44 PM [32m    LOG[39m [38;5;3m[RouterExplorer] [39m[32mMapped {/users/:id, GET} route[39m[38;5;3m +1ms[39m
[32m[Nest] 21400  - [39m03/04/2026, 6:34:44 PM [32m    LOG[39m [38;5;3m[RoutesResolver] [39m[32mKycController {/kyc}:[39m[38;5;3m +0ms[39m
[32m[Nest] 21400  - [39m03/04/2026, 6:34:44 PM [32m    LOG[39m [38;5;3m[RouterExplorer] [39m[32mMapped {/kyc/upload, POST} route[39m[38;5;3m +1ms[39m
[32m[Nest] 21400  - [39m03/04/2026, 6:34:44 PM [32m    LOG[39m [38;5;3m[RouterExplorer] [39m[32mMapped {/kyc/status, GET} route[39m[38;5;3m +0ms[39m
[32m[Nest] 21400  - [39m03/04/2026, 6:34:44 PM [32m    LOG[39m [38;5;3m[RouterExplorer] [39m[32mMapped {/kyc/pending, GET} route[39m[38;5;3m +0ms[39m
[32m[Nest] 21400  - [39m03/04/2026, 6:34:44 PM [32m    LOG[39m [38;5;3m[RouterExplorer] [39m[32mMapped {/kyc/verify/:kycId, PUT} route[39m[38;5;3m +0ms[39m
[32m[Nest] 21400  - [39m03/04/2026, 6:34:44 PM [32m    LOG[39m [38;5;3m[RoutesResolver] [39m[32mPaymentsController {/payments}:[39m[38;5;3m +1ms[39m
[32m[Nest] 21400  - [39m03/04/2026, 6:34:44 PM [32m    LOG[39m [38;5;3m[RouterExplorer] [39m[32mMapped {/payments, POST} route[39m[38;5;3m +0ms[39m
[32m[Nest] 21400  - [39m03/04/2026, 6:34:44 PM [32m    LOG[39m [38;5;3m[RouterExplorer] [39m[32mMapped {/payments/:paymentId/record, POST} route[39m[38;5;3m +0ms[39m
[32m[Nest] 21400  - [39m03/04/2026, 6:34:44 PM [32m    LOG[39m [38;5;3m[RouterExplorer] [39m[32mMapped {/payments/tenant, GET} route[39m[38;5;3m +0ms[39m
[32m[Nest] 21400  - [39m03/04/2026, 6:34:44 PM [32m    LOG[39m [38;5;3m[RouterExplorer] [39m[32mMapped {/payments/property/:propertyId, GET} route[39m[38;5;3m +1ms[39m
[32m[Nest] 21400  - [39m03/04/2026, 6:34:44 PM [32m    LOG[39m [38;5;3m[RouterExplorer] [39m[32mMapped {/payments/:paymentId, GET} route[39m[38;5;3m +0ms[39m
[32m[Nest] 21400  - [39m03/04/2026, 6:34:44 PM [32m    LOG[39m [38;5;3m[RouterExplorer] [39m[32mMapped {/payments/:paymentId/status, PUT} route[39m[38;5;3m +0ms[39m
[32m[Nest] 21400  - [39m03/04/2026, 6:34:44 PM [32m    LOG[39m [38;5;3m[RoutesResolver] [39m[32mPropertiesController {/properties}:[39m[38;5;3m +0ms[39m
[32m[Nest] 21400  - [39m03/04/2026, 6:34:44 PM [32m    LOG[39m [38;5;3m[RouterExplorer] [39m[32mMapped {/properties, POST} route[39m[38;5;3m +0ms[39m
[32m[Nest] 21400  - [39m03/04/2026, 6:34:44 PM [32m    LOG[39m [38;5;3m[RouterExplorer] [39m[32mMapped {/properties, GET} route[39m[38;5;3m +1ms[39m
[32m[Nest] 21400  - [39m03/04/2026, 6:34:44 PM [32m    LOG[39m [38;5;3m[RouterExplorer] [39m[32mMapped {/properties/:propertyId, GET} route[39m[38;5;3m +0ms[39m
[32m[Nest] 21400  - [39m03/04/2026, 6:34:44 PM [32m    LOG[39m [38;5;3m[RouterExplorer] [39m[32mMapped {/properties/:propertyId/stats, GET} route[39m[38;5;3m +1ms[39m
[32m[Nest] 21400  - [39m03/04/2026, 6:34:44 PM [32m    LOG[39m [38;5;3m[RouterExplorer] [39m[32mMapped {/properties/:propertyId, PUT} route[39m[38;5;3m +0ms[39m
[32m[Nest] 21400  - [39m03/04/2026, 6:34:44 PM [32m    LOG[39m [38;5;3m[RouterExplorer] [39m[32mMapped {/properties/:propertyId, DELETE} route[39m[38;5;3m +0ms[39m
[32m[Nest] 21400  - [39m03/04/2026, 6:34:44 PM [32m    LOG[39m [38;5;3m[RoutesResolver] [39m[32mTenantsController {/tenants}:[39m[38;5;3m +0ms[39m
[32m[Nest] 21400  - [39m03/04/2026, 6:34:44 PM [32m    LOG[39m [38;5;3m[RouterExplorer] [39m[32mMapped {/tenants/by-property/:propertyId, GET} route[39m[38;5;3m +1ms[39m
[32m[Nest] 21400  - [39m03/04/2026, 6:34:44 PM [32m    LOG[39m [38;5;3m[RouterExplorer] [39m[32mMapped {/tenants/all, GET} route[39m[38;5;3m +0ms[39m
[32m[Nest] 21400  - [39m03/04/2026, 6:34:44 PM [32m    LOG[39m [38;5;3m[RouterExplorer] [39m[32mMapped {/tenants/profile/:tenantId, GET} route[39m[38;5;3m +0ms[39m
[32m[Nest] 21400  - [39m03/04/2026, 6:34:44 PM [32m    LOG[39m [38;5;3m[RouterExplorer] [39m[32mMapped {/tenants/:tenantId/reliability, GET} route[39m[38;5;3m +0ms[39m
[32m[Nest] 21400  - [39m03/04/2026, 6:34:44 PM [32m    LOG[39m [38;5;3m[NestApplication] [39m[32mNest application successfully started[39m[38;5;3m +2ms[39m
[31m[Nest] 21400  - [39m03/04/2026, 6:34:44 PM [31m  ERROR[39m [38;5;3m[NestApplication] [39m[31mError: listen EADDRINUSE: address already in use :::3000[39m[38;5;3m +3ms[39m
node:internal/errors:496
    ErrorCaptureStackTrace(err);
    ^

Error: listen EADDRINUSE: address already in use :::3000
    at __node_internal_captureLargerStackTrace (node:internal/errors:496:5)
    at __node_internal_uvExceptionWithHostPort (node:internal/errors:593:12)
    at Server.setupListenHandle [as _listen2] (node:net:1811:16)
    at listenInCluster (node:net:1859:12)
    at Server.listen (node:net:1947:7)
    at ExpressAdapter.listen (/home/feijo/CRENIT/rentcredit-backend/node_modules/@nestjs/platform-express/adapters/express-adapter.js:127:32)
    at /home/feijo/CRENIT/rentcredit-backend/node_modules/@nestjs/core/nest-application.js:188:30
    at new Promise (<anonymous>)
    at NestApplication.listen (/home/feijo/CRENIT/rentcredit-backend/node_modules/@nestjs/core/nest-application.js:178:16)
    at process.processTicksAndRejections (node:internal/process/task_queues:95:5)
    at bootstrap (/home/feijo/CRENIT/rentcredit-backend/src/main.ts:30:3) {
  code: 'EADDRINUSE',
  errno: -98,
  syscall: 'listen',
  address: '::',
  port: 3000
}

Node.js v18.19.1
[2J[3J[H[[90m6:35:51 PM[0m] File change detected. Starting incremental compilation...

[[90m6:35:51 PM[0m] Found 0 errors. Watching for file changes.

[dotenv@17.3.1] injecting env (11) from .env -- tip: ⚙️  load multiple .env files with { path: ['.env.local', '.env'] }
[dotenv@17.3.1] injecting env (0) from .env -- tip: 🛡️ auth for agents: https://vestauth.com
[dotenv@17.3.1] injecting env (0) from .env -- tip: 🔐 encrypt with Dotenvx: https://dotenvx.com
[32m[Nest] 21723  - [39m03/04/2026, 6:35:52 PM [32m    LOG[39m [38;5;3m[NestFactory] [39m[32mStarting Nest application...[39m
[32m[Nest] 21723  - [39m03/04/2026, 6:35:52 PM [32m    LOG[39m [38;5;3m[InstanceLoader] [39m[32mTypeOrmModule dependencies initialized[39m[38;5;3m +46ms[39m
[32m[Nest] 21723  - [39m03/04/2026, 6:35:52 PM [32m    LOG[39m [38;5;3m[InstanceLoader] [39m[32mPassportModule dependencies initialized[39m[38;5;3m +0ms[39m
[32m[Nest] 21723  - [39m03/04/2026, 6:35:52 PM [32m    LOG[39m [38;5;3m[InstanceLoader] [39m[32mJwtModule dependencies initialized[39m[38;5;3m +1ms[39m
[32m[Nest] 21723  - [39m03/04/2026, 6:35:52 PM [32m    LOG[39m [38;5;3m[InstanceLoader] [39m[32mAppModule dependencies initialized[39m[38;5;3m +0ms[39m
(node:21723) DeprecationWarning: Calling client.query() when the client is already executing a query is deprecated and will be removed in pg@9.0. Use asycn/await or an external async flow control mechanism instead.
(Use `node --trace-deprecation ...` to show where the warning was created)
[32m[Nest] 21723  - [39m03/04/2026, 6:35:52 PM [32m    LOG[39m [38;5;3m[InstanceLoader] [39m[32mTypeOrmCoreModule dependencies initialized[39m[38;5;3m +80ms[39m
[32m[Nest] 21723  - [39m03/04/2026, 6:35:52 PM [32m    LOG[39m [38;5;3m[InstanceLoader] [39m[32mTypeOrmModule dependencies initialized[39m[38;5;3m +0ms[39m
[32m[Nest] 21723  - [39m03/04/2026, 6:35:52 PM [32m    LOG[39m [38;5;3m[InstanceLoader] [39m[32mTypeOrmModule dependencies initialized[39m[38;5;3m +0ms[39m
[32m[Nest] 21723  - [39m03/04/2026, 6:35:52 PM [32m    LOG[39m [38;5;3m[InstanceLoader] [39m[32mTypeOrmModule dependencies initialized[39m[38;5;3m +0ms[39m
[32m[Nest] 21723  - [39m03/04/2026, 6:35:52 PM [32m    LOG[39m [38;5;3m[InstanceLoader] [39m[32mTypeOrmModule dependencies initialized[39m[38;5;3m +0ms[39m
[32m[Nest] 21723  - [39m03/04/2026, 6:35:52 PM [32m    LOG[39m [38;5;3m[InstanceLoader] [39m[32mTypeOrmModule dependencies initialized[39m[38;5;3m +0ms[39m
[32m[Nest] 21723  - [39m03/04/2026, 6:35:52 PM [32m    LOG[39m [38;5;3m[InstanceLoader] [39m[32mTypeOrmModule dependencies initialized[39m[38;5;3m +1ms[39m
[32m[Nest] 21723  - [39m03/04/2026, 6:35:52 PM [32m    LOG[39m [38;5;3m[InstanceLoader] [39m[32mUsersModule dependencies initialized[39m[38;5;3m +1ms[39m
[32m[Nest] 21723  - [39m03/04/2026, 6:35:52 PM [32m    LOG[39m [38;5;3m[InstanceLoader] [39m[32mKycModule dependencies initialized[39m[38;5;3m +0ms[39m
[32m[Nest] 21723  - [39m03/04/2026, 6:35:52 PM [32m    LOG[39m [38;5;3m[InstanceLoader] [39m[32mPaymentsModule dependencies initialized[39m[38;5;3m +0ms[39m
[32m[Nest] 21723  - [39m03/04/2026, 6:35:52 PM [32m    LOG[39m [38;5;3m[InstanceLoader] [39m[32mPropertiesModule dependencies initialized[39m[38;5;3m +0ms[39m
[32m[Nest] 21723  - [39m03/04/2026, 6:35:52 PM [32m    LOG[39m [38;5;3m[InstanceLoader] [39m[32mTenantsModule dependencies initialized[39m[38;5;3m +0ms[39m
[32m[Nest] 21723  - [39m03/04/2026, 6:35:52 PM [32m    LOG[39m [38;5;3m[InstanceLoader] [39m[32mAuthModule dependencies initialized[39m[38;5;3m +0ms[39m
[32m[Nest] 21723  - [39m03/04/2026, 6:35:52 PM [32m    LOG[39m [38;5;3m[RoutesResolver] [39m[32mAppController {/}:[39m[38;5;3m +12ms[39m
[32m[Nest] 21723  - [39m03/04/2026, 6:35:52 PM [32m    LOG[39m [38;5;3m[RouterExplorer] [39m[32mMapped {/, GET} route[39m[38;5;3m +2ms[39m
[32m[Nest] 21723  - [39m03/04/2026, 6:35:52 PM [32m    LOG[39m [38;5;3m[RoutesResolver] [39m[32mAuthController {/auth}:[39m[38;5;3m +0ms[39m
[32m[Nest] 21723  - [39m03/04/2026, 6:35:52 PM [32m    LOG[39m [38;5;3m[RouterExplorer] [39m[32mMapped {/auth/signup, POST} route[39m[38;5;3m +1ms[39m
[32m[Nest] 21723  - [39m03/04/2026, 6:35:52 PM [32m    LOG[39m [38;5;3m[RouterExplorer] [39m[32mMapped {/auth/login, POST} route[39m[38;5;3m +1ms[39m
[32m[Nest] 21723  - [39m03/04/2026, 6:35:52 PM [32m    LOG[39m [38;5;3m[RouterExplorer] [39m[32mMapped {/auth/switch-role, POST} route[39m[38;5;3m +0ms[39m
[32m[Nest] 21723  - [39m03/04/2026, 6:35:52 PM [32m    LOG[39m [38;5;3m[RouterExplorer] [39m[32mMapped {/auth/me, GET} route[39m[38;5;3m +1ms[39m
[32m[Nest] 21723  - [39m03/04/2026, 6:35:52 PM [32m    LOG[39m [38;5;3m[RoutesResolver] [39m[32mUsersController {/users}:[39m[38;5;3m +0ms[39m
[32m[Nest] 21723  - [39m03/04/2026, 6:35:52 PM [32m    LOG[39m [38;5;3m[RouterExplorer] [39m[32mMapped {/users/profile, GET} route[39m[38;5;3m +0ms[39m
[32m[Nest] 21723  - [39m03/04/2026, 6:35:52 PM [32m    LOG[39m [38;5;3m[RouterExplorer] [39m[32mMapped {/users/profile, PUT} route[39m[38;5;3m +1ms[39m
[32m[Nest] 21723  - [39m03/04/2026, 6:35:52 PM [32m    LOG[39m [38;5;3m[RouterExplorer] [39m[32mMapped {/users, GET} route[39m[38;5;3m +0ms[39m
[32m[Nest] 21723  - [39m03/04/2026, 6:35:52 PM [32m    LOG[39m [38;5;3m[RouterExplorer] [39m[32mMapped {/users/:id, GET} route[39m[38;5;3m +1ms[39m
[32m[Nest] 21723  - [39m03/04/2026, 6:35:52 PM [32m    LOG[39m [38;5;3m[RoutesResolver] [39m[32mKycController {/kyc}:[39m[38;5;3m +0ms[39m
[32m[Nest] 21723  - [39m03/04/2026, 6:35:52 PM [32m    LOG[39m [38;5;3m[RouterExplorer] [39m[32mMapped {/kyc/upload, POST} route[39m[38;5;3m +0ms[39m
[32m[Nest] 21723  - [39m03/04/2026, 6:35:52 PM [32m    LOG[39m [38;5;3m[RouterExplorer] [39m[32mMapped {/kyc/status, GET} route[39m[38;5;3m +1ms[39m
[32m[Nest] 21723  - [39m03/04/2026, 6:35:52 PM [32m    LOG[39m [38;5;3m[RouterExplorer] [39m[32mMapped {/kyc/pending, GET} route[39m[38;5;3m +0ms[39m
[32m[Nest] 21723  - [39m03/04/2026, 6:35:52 PM [32m    LOG[39m [38;5;3m[RouterExplorer] [39m[32mMapped {/kyc/verify/:kycId, PUT} route[39m[38;5;3m +0ms[39m
[32m[Nest] 21723  - [39m03/04/2026, 6:35:52 PM [32m    LOG[39m [38;5;3m[RoutesResolver] [39m[32mPaymentsController {/payments}:[39m[38;5;3m +0ms[39m
[32m[Nest] 21723  - [39m03/04/2026, 6:35:52 PM [32m    LOG[39m [38;5;3m[RouterExplorer] [39m[32mMapped {/payments, POST} route[39m[38;5;3m +1ms[39m
[32m[Nest] 21723  - [39m03/04/2026, 6:35:52 PM [32m    LOG[39m [38;5;3m[RouterExplorer] [39m[32mMapped {/payments/:paymentId/record, POST} route[39m[38;5;3m +0ms[39m
[32m[Nest] 21723  - [39m03/04/2026, 6:35:52 PM [32m    LOG[39m [38;5;3m[RouterExplorer] [39m[32mMapped {/payments/tenant, GET} route[39m[38;5;3m +0ms[39m
[32m[Nest] 21723  - [39m03/04/2026, 6:35:52 PM [32m    LOG[39m [38;5;3m[RouterExplorer] [39m[32mMapped {/payments/property/:propertyId, GET} route[39m[38;5;3m +0ms[39m
[32m[Nest] 21723  - [39m03/04/2026, 6:35:52 PM [32m    LOG[39m [38;5;3m[RouterExplorer] [39m[32mMapped {/payments/:paymentId, GET} route[39m[38;5;3m +1ms[39m
[32m[Nest] 21723  - [39m03/04/2026, 6:35:52 PM [32m    LOG[39m [38;5;3m[RouterExplorer] [39m[32mMapped {/payments/:paymentId/status, PUT} route[39m[38;5;3m +0ms[39m
[32m[Nest] 21723  - [39m03/04/2026, 6:35:52 PM [32m    LOG[39m [38;5;3m[RoutesResolver] [39m[32mPropertiesController {/properties}:[39m[38;5;3m +0ms[39m
[32m[Nest] 21723  - [39m03/04/2026, 6:35:52 PM [32m    LOG[39m [38;5;3m[RouterExplorer] [39m[32mMapped {/properties, POST} route[39m[38;5;3m +0ms[39m
[32m[Nest] 21723  - [39m03/04/2026, 6:35:52 PM [32m    LOG[39m [38;5;3m[RouterExplorer] [39m[32mMapped {/properties, GET} route[39m[38;5;3m +1ms[39m
[32m[Nest] 21723  - [39m03/04/2026, 6:35:52 PM [32m    LOG[39m [38;5;3m[RouterExplorer] [39m[32mMapped {/properties/:propertyId, GET} route[39m[38;5;3m +0ms[39m
[32m[Nest] 21723  - [39m03/04/2026, 6:35:52 PM [32m    LOG[39m [38;5;3m[RouterExplorer] [39m[32mMapped {/properties/:propertyId/stats, GET} route[39m[38;5;3m +0ms[39m
[32m[Nest] 21723  - [39m03/04/2026, 6:35:52 PM [32m    LOG[39m [38;5;3m[RouterExplorer] [39m[32mMapped {/properties/:propertyId, PUT} route[39m[38;5;3m +0ms[39m
[32m[Nest] 21723  - [39m03/04/2026, 6:35:52 PM [32m    LOG[39m [38;5;3m[RouterExplorer] [39m[32mMapped {/properties/:propertyId, DELETE} route[39m[38;5;3m +0ms[39m
[32m[Nest] 21723  - [39m03/04/2026, 6:35:52 PM [32m    LOG[39m [38;5;3m[RoutesResolver] [39m[32mTenantsController {/tenants}:[39m[38;5;3m +1ms[39m
[32m[Nest] 21723  - [39m03/04/2026, 6:35:52 PM [32m    LOG[39m [38;5;3m[RouterExplorer] [39m[32mMapped {/tenants/by-property/:propertyId, GET} route[39m[38;5;3m +0ms[39m
[32m[Nest] 21723  - [39m03/04/2026, 6:35:52 PM [32m    LOG[39m [38;5;3m[RouterExplorer] [39m[32mMapped {/tenants/all, GET} route[39m[38;5;3m +0ms[39m
[32m[Nest] 21723  - [39m03/04/2026, 6:35:52 PM [32m    LOG[39m [38;5;3m[RouterExplorer] [39m[32mMapped {/tenants/profile/:tenantId, GET} route[39m[38;5;3m +0ms[39m
[32m[Nest] 21723  - [39m03/04/2026, 6:35:52 PM [32m    LOG[39m [38;5;3m[RouterExplorer] [39m[32mMapped {/tenants/:tenantId/reliability, GET} route[39m[38;5;3m +1ms[39m
[32m[Nest] 21723  - [39m03/04/2026, 6:35:52 PM [32m    LOG[39m [38;5;3m[NestApplication] [39m[32mNest application successfully started[39m[38;5;3m +1ms[39m
[31m[Nest] 21723  - [39m03/04/2026, 6:35:52 PM [31m  ERROR[39m [38;5;3m[NestApplication] [39m[31mError: listen EADDRINUSE: address already in use :::3000[39m[38;5;3m +4ms[39m
node:internal/errors:496
    ErrorCaptureStackTrace(err);
    ^

Error: listen EADDRINUSE: address already in use :::3000
    at __node_internal_captureLargerStackTrace (node:internal/errors:496:5)
    at __node_internal_uvExceptionWithHostPort (node:internal/errors:593:12)
    at Server.setupListenHandle [as _listen2] (node:net:1811:16)
    at listenInCluster (node:net:1859:12)
    at Server.listen (node:net:1947:7)
    at ExpressAdapter.listen (/home/feijo/CRENIT/rentcredit-backend/node_modules/@nestjs/platform-express/adapters/express-adapter.js:127:32)
    at /home/feijo/CRENIT/rentcredit-backend/node_modules/@nestjs/core/nest-application.js:188:30
    at new Promise (<anonymous>)
    at NestApplication.listen (/home/feijo/CRENIT/rentcredit-backend/node_modules/@nestjs/core/nest-application.js:178:16)
    at process.processTicksAndRejections (node:internal/process/task_queues:95:5)
    at bootstrap (/home/feijo/CRENIT/rentcredit-backend/src/main.ts:30:3) {
  code: 'EADDRINUSE',
  errno: -98,
  syscall: 'listen',
  address: '::',
  port: 3000
}

Node.js v18.19.1
